#
# A fatal error has been detected by the Java Runtime Environment:
#
#  Internal Error (jvmciRuntime.cpp:1609), pid=21, tid=37
#  fatal error: Fatal exception in JVMCI: Error calling jdk.vm.ci.services.Services.serializeSavedProperties
#
# JRE version: OpenJDK Runtime Environment GraalVM CE 22.3.0 (17.0.5+8) (build 17.0.5+8-jvmci-22.3-b08)
# Java VM: OpenJDK 64-Bit Server VM GraalVM CE 22.3.0 (17.0.5+8-jvmci-22.3-b08, mixed mode, sharing, tiered, jvmci, jvmci compiler, compressed oops, compressed class ptrs, parallel gc, linux-amd64)
# Problematic frame:
# V  [libjvm.so+0x972714]  JVMCIRuntime::fatal_exception(JVMCIEnv*, char const*)+0x74
#
# Core dump will be written. Default location: Core dumps may be processed with "/usr/share/apport/apport -p%p -s%s -c%c -d%d -P%P -u%u -g%g -- %E" (or dumping to /home/runner/Master-the-Coding-Interview-Data-Structures-Algorithms/core.21)
#
# If you would like to submit a bug report, please visit:
#   https://github.com/oracle/graal/issues
#

---------------  S U M M A R Y ------------

Command Line: -XX:ThreadPriorityPolicy=1 -XX:+UnlockExperimentalVMOptions -XX:+EnableJVMCIProduct -XX:JVMCIThreadsPerNativeLibraryRuntime=1 -XX:-UnlockExperimentalVMOptions -Declipse.application=org.eclipse.jdt.ls.core.id1 -Dosgi.bundles.defaultStartLevel=4 -Declipse.product=org.eclipse.jdt.ls.core.product -Dlog.level=ALL -Xverify:none -XX:+UseParallelGC -XX:GCTimeRatio=4 -XX:AdaptiveSizePolicyWeight=90 -Dsun.zip.disableMemoryMapping=true -Xmx512m -Xms100m /nix/store/m6gcpi1ii6rghy04cjwjddcavv7i90df-jdt-language-server-1.9.0/share/java/plugins/org.eclipse.equinox.launcher_1.6.400.v20210924-0641.jar --add-modules=ALL-SYSTEM --add-opens java.base/java.util=ALL-UNNAMED --add-opens java.base/java.lang=ALL-UNNAMED -configuration /home/runner/.cache/jdt-language-server/config -data /home/runner/.cache/jdt-language-server/data/home/runner/Master-the-Coding-Interview-Data-Structures-Algorithms

Host: AMD EPYC 7B12, 8 cores, 1G, Ubuntu 20.04.2 LTS
Time: Fri Apr 14 18:06:44 2023 UTC elapsed time: 935.358677 seconds (0d 0h 15m 35s)

---------------  T H R E A D  ---------------

Current thread (0x00007ffb1c0b2240):  JavaThread "JVMCI-native CompilerThread0" daemon [_thread_in_vm, id=37, stack(0x00007ffb20118000,0x00007ffb20318000)]


Current CompileTask:
JVMCI-native: 935358 8582       4       java.util.regex.Pattern$Branch::match (66 bytes)

Stack: [0x00007ffb20118000,0x00007ffb20318000],  sp=0x00007ffb20316380,  free space=2040k
Native frames: (J=compiled Java code, j=interpreted, Vv=VM code, C=native code)
V  [libjvm.so+0x972714]  JVMCIRuntime::fatal_exception(JVMCIEnv*, char const*)+0x74
V  [libjvm.so+0x93e2fe]  JVMCIEnv::copy_saved_properties()+0x14e
V  [libjvm.so+0x9732a9]  JVMCIRuntime::initialize(JVMCIEnv*)+0xb19
V  [libjvm.so+0x9738a2]  JVMCIRuntime::get_HotSpotJVMCIRuntime(JVMCIEnv*)+0x12
V  [libjvm.so+0x9749f2]  JVMCIRuntime::compile_method(JVMCIEnv*, JVMCICompiler*, methodHandle const&, int)+0xd2
V  [libjvm.so+0x5b0d20]  CompileBroker::invoke_compiler_on_method(CompileTask*)+0x1470
V  [libjvm.so+0x5b12e8]  CompileBroker::compiler_thread_loop()+0x528
V  [libjvm.so+0xd82460]  JavaThread::thread_main_inner()+0xd0
V  [libjvm.so+0xd85a40]  Thread::call_run()+0xc0
V  [libjvm.so+0xbdb1e1]  thread_native_entry(Thread*)+0xe1

Register to memory mapping:

RAX=0x00007ffb231e4000 points into unknown readable memory: 0x0000000000000058 | 58 00 00 00 00 00 00 00
RBX=0x00007ffb242df398: <offset 0x0000000000ef5398> in /nix/store/gpxl5qgg8kicmcvivwmybwjlpf7wh20l-graalvm17-ce-22.3.0/lib/server/libjvm.so at 0x00007ffb233ea000
RCX=0x00007ffb242971e8: <offset 0x0000000000ead1e8> in /nix/store/gpxl5qgg8kicmcvivwmybwjlpf7wh20l-graalvm17-ce-22.3.0/lib/server/libjvm.so at 0x00007ffb233ea000
RDX=0x0000000000000649 is an unknown value
RSP=0x00007ffb20316380 is pointing into the stack for thread: 0x00007ffb1c0b2240
RBP=0x00007ffb203163a0 is pointing into the stack for thread: 0x00007ffb1c0b2240
RSI=0x00007ffb242dfc48: <offset 0x0000000000ef5c48> in /nix/store/gpxl5qgg8kicmcvivwmybwjlpf7wh20l-graalvm17-ce-22.3.0/lib/server/libjvm.so at 0x00007ffb233ea000
RDI=0x00000000e0000000 is an oop: [Ljava.security.cert.Certificate; 
{0x00000000e0000000} - klass: 'java/security/cert/Certificate'[]
 - length: 3
R8 =0x00007ffb242df398: <offset 0x0000000000ef5398> in /nix/store/gpxl5qgg8kicmcvivwmybwjlpf7wh20l-graalvm17-ce-22.3.0/lib/server/libjvm.so at 0x00007ffb233ea000
R9 =0x00007ffb20316330 is pointing into the stack for thread: 0x00007ffb1c0b2240
R10=0x00007ffb20317948 is pointing into the stack for thread: 0x00007ffb1c0b2240
R11=0x0000000000000293 is an unknown value
R12=0x0 is NULL
R13=0x00007ffb1c0b2240 is a thread
R14=0x00007ffb1c000b80 points into unknown readable memory: 0x00007ffb24510a38 | 38 0a 51 24 fb 7f 00 00
R15=0x00007ffb2461ee40: <offset 0x0000000001234e40> in /nix/store/gpxl5qgg8kicmcvivwmybwjlpf7wh20l-graalvm17-ce-22.3.0/lib/server/libjvm.so at 0x00007ffb233ea000


Registers:
RAX=0x00007ffb231e4000, RBX=0x00007ffb242df398, RCX=0x00007ffb242971e8, RDX=0x0000000000000649
RSP=0x00007ffb20316380, RBP=0x00007ffb203163a0, RSI=0x00007ffb242dfc48, RDI=0x00000000e0000000
R8 =0x00007ffb242df398, R9 =0x00007ffb20316330, R10=0x00007ffb20317948, R11=0x0000000000000293
R12=0x0000000000000000, R13=0x00007ffb1c0b2240, R14=0x00007ffb1c000b80, R15=0x00007ffb2461ee40
RIP=0x00007ffb23d5c714, EFLAGS=0x0000000000010206, CSGSFS=0x002b000000000033, ERR=0x0000000000000006
  TRAPNO=0x000000000000000e

Top of Stack: (sp=0x00007ffb20316380)
0x00007ffb20316380:   00007ffb20316940 00007ffb1c0b2240
0x00007ffb20316390:   00007ffb21b758c8 0000000800c415a8
0x00007ffb203163a0:   00007ffb20316500 00007ffb23d282fe
0x00007ffb203163b0:   00007ffb203163e0 00007ffb20316440 

Instructions: (pc=0x00007ffb23d5c714)
0x00007ffb23d5c614:   30 e8 f6 cf e8 ff 4c 89 e7 e8 2e 48 d1 ff 84 db
0x00007ffb23d5c624:   75 2a 4d 85 ed 74 04 4d 8b 6d 00 48 83 c4 08 44
0x00007ffb23d5c634:   89 f9 4c 89 f2 4c 89 ee 5b 4c 89 e7 41 5c 41 5d
0x00007ffb23d5c644:   41 5e 41 5f 5d e9 e2 47 d1 ff 66 90 48 83 c4 08
0x00007ffb23d5c654:   5b 41 5c 41 5d 41 5e 41 5f 5d c3 90 31 d2 be 08
0x00007ffb23d5c664:   00 00 00 4c 89 ff e8 b1 78 a3 ff 49 89 c5 e9 37
0x00007ffb23d5c674:   ff ff ff 66 0f 1f 84 00 00 00 00 00 48 8b 7a 08
0x00007ffb23d5c684:   e9 6d ff ff ff 0f 1f 80 00 00 00 00 e8 5b 48 0a
0x00007ffb23d5c694:   00 84 c0 75 89 e9 6a ff ff ff 66 90 55 48 89 e5
0x00007ffb23d5c6a4:   41 56 41 55 41 54 49 89 fc 53 48 89 f3 66 48 8d
0x00007ffb23d5c6b4:   3d 27 5e 85 00 66 66 48 e8 df 43 8d ff 4c 8b 28
0x00007ffb23d5c6c4:   8b 05 be 72 8a 00 85 c0 75 14 ba 01 00 00 00 48
0x00007ffb23d5c6d4:   8d 0d ae 72 8a 00 f0 0f b1 11 85 c0 74 4e be c8
0x00007ffb23d5c6e4:   00 00 00 4c 89 ef e8 01 0b 41 00 48 8d 05 12 ac
0x00007ffb23d5c6f4:   85 00 49 89 d8 48 8d 0d e8 aa 53 00 ba 49 06 00
0x00007ffb23d5c704:   00 48 8d 35 3c 35 58 00 bf 00 00 00 e0 48 8b 00
0x00007ffb23d5c714:   c6 00 58 31 c0 e8 e2 91 c6 ff 5b 41 5c 41 5d 41
0x00007ffb23d5c724:   5e 5d e9 55 34 26 00 0f 1f 44 00 00 48 8d 05 81
0x00007ffb23d5c734:   a3 8b 00 48 89 df 4c 8b 30 e8 9e 43 8d ff 48 89
0x00007ffb23d5c744:   de 48 89 c2 49 8b 06 4c 89 f7 ff 50 08 4c 89 f7
0x00007ffb23d5c754:   e8 a7 5c 27 00 4d 85 e4 74 12 be 01 00 00 00 4c
0x00007ffb23d5c764:   89 e7 e8 35 43 fc ff eb 82 0f 1f 00 be 01 00 00
0x00007ffb23d5c774:   00 4c 89 ef e8 d3 fd ff ff e9 6d ff ff ff 66 66
0x00007ffb23d5c784:   2e 0f 1f 84 00 00 00 00 00 0f 1f 00 55 48 89 e5
0x00007ffb23d5c794:   41 57 41 56 41 55 41 54 53 48 81 ec 08 02 00 00
0x00007ffb23d5c7a4:   64 48 8b 04 25 28 00 00 00 48 89 45 c8 8b 07 83
0x00007ffb23d5c7b4:   f8 02 0f 84 11 04 00 00 4c 8b 6f 18 49 89 ff 49
0x00007ffb23d5c7c4:   89 f4 4d 85 ed 74 14 4c 89 ef e8 5d 57 22 00 41
0x00007ffb23d5c7d4:   8b 07 83 f8 02 0f 84 19 04 00 00 48 8d 1d 9a 06
0x00007ffb23d5c7e4:   8a 00 4c 8d 35 0b 3c 58 00 eb 38 90 48 85 d2 7f
0x00007ffb23d5c7f4:   0d 48 8d 05 b4 c0 85 00 48 83 38 00 7e 0e 41 8b
0x00007ffb23d5c804:   77 2c 4c 89 f7 31 c0 e8 a0 b2 f7 ff 49 8b 7f 18 


Stack slot to memory mapping:
stack at sp + 0 slots: 0x00007ffb20316940 is pointing into the stack for thread: 0x00007ffb1c0b2240
stack at sp + 1 slots: 0x00007ffb1c0b2240 is a thread
stack at sp + 2 slots: 0x00007ffb21b758c8 points into unknown readable memory: 0x6573001880c9ffff | ff ff c9 80 18 00 73 65
stack at sp + 3 slots: 0x0000000800c415a8 is a pointer to class: 
jdk.vm.ci.services.Services {0x0000000800c415a8}
 - instance size:     2
 - klass size:        65
 - access:            public final synchronized 
 - state:             fully_initialized
 - name:              'jdk/vm/ci/services/Services'
 - super:             'java/lang/Object'
 - sub:               
 - arrays:            NULL
 - methods:           Array<T>(0x00007ffb20c37128)
 - method ordering:   Array<T>(0x0000000800928960)
 - default_methods:   Array<T>(0x0000000000000000)
 - local interfaces:  Array<T>(0x00000008005ce810)
 - trans. interfaces: Array<T>(0x00000008005ce810)
 - constants:         constant pool [427] {0x00007ffb20c36208} for 'jdk/vm/ci/services/Services' cache=0x00007ffb20c383f8
 - class loader data:  loader data: 0x00007ffb1c028430 of 'bootstrap'
 - source file:       'Services.java'
 - class annotations:       Array<T>(0x0000000000000000)
 - class type annotations:  Array<T>(0x0000000000000000)
 - field annotations:       Array<T>(0x0000000000000000)
 - field type annotations:  Array<T>(0x0000000000000000)
 - inner classes:     Array<T>(0x00007ffb20c383c8)
 - nest members:     Array<T>(0x00007ffb20c383e8)
 - permitted subclasses:     Array<T>(0x00000008005ce7a0)
 - java mirror:       a 'java/lang/Class'{0x00000000e017d990} = 'jdk/vm/ci/services/Services'
 - vtable length      5  (start addr: 0x0000000800c41778)
 - itable length      2 (start addr: 0x0000000800c417a0)
 - ---- static fields (3 words):
 - public static final 'IS_BUILDING_NATIVE_IMAGE' 'Z' @128 
 - public static final 'IS_IN_NATIVE_IMAGE' 'Z' @129 
 - private static volatile 'savedProperties' 'Ljava/util/Map;' @112 
 - static final 'JVMCI_ENABLED' 'Z' @130 
 - private static final 'servicesCache' 'Ljava/util/Map;' @116 
 - private static final 'MAX_UNICODE_IN_UTF8_LENGTH' 'I' @120 
 - private static final 'MAX_UTF8_PROPERTY_STRING_LENGTH' 'I' @124 
 - ---- non-static fields (0 words):
 - non-static oop maps: 
stack at sp + 4 slots: 0x00007ffb20316500 is pointing into the stack for thread: 0x00007ffb1c0b2240
stack at sp + 5 slots: 0x00007ffb23d282fe: <offset 0x000000000093e2fe> in /nix/store/gpxl5qgg8kicmcvivwmybwjlpf7wh20l-graalvm17-ce-22.3.0/lib/server/libjvm.so at 0x00007ffb233ea000
stack at sp + 6 slots: 0x00007ffb203163e0 is pointing into the stack for thread: 0x00007ffb1c0b2240
stack at sp + 7 slots: 0x00007ffb20316440 is pointing into the stack for thread: 0x00007ffb1c0b2240


---------------  P R O C E S S  ---------------

Threads class SMR info:
_java_thread_list=0x00007ffa6c000b70, length=24, elements={
0x00007ffb1c0266d0, 0x00007ffb1c0a6510, 0x00007ffb1c0a7950, 0x00007ffb1c0ae0b0,
0x00007ffb1c0af460, 0x00007ffb1c0b0850, 0x00007ffb1c0b2240, 0x00007ffb1c0b3750,
0x00007ffb1c0b47b0, 0x00007ffb1c0dfd90, 0x00007ffb1c128af0, 0x00007ffb1c33b130,
0x00007ffb1c36ee40, 0x00007ffb1c370f10, 0x00007ffb1c636460, 0x00007ffab4017140,
0x00007ffab42a1100, 0x00007ffab4485280, 0x00007ffab45ef8f0, 0x00007ffb1c46e350,
0x00007ffb1c3d9ce0, 0x00007ffa90001130, 0x00007ffa88000ff0, 0x00007ffa8415cfd0
}

Java Threads: ( => current thread )
  0x00007ffb1c0266d0 JavaThread "main" [_thread_blocked, id=29, stack(0x00007ffb23205000,0x00007ffb23305000)]
  0x00007ffb1c0a6510 JavaThread "Reference Handler" daemon [_thread_blocked, id=32, stack(0x00007ffb209fe000,0x00007ffb20afe000)]
  0x00007ffb1c0a7950 JavaThread "Finalizer" daemon [_thread_blocked, id=33, stack(0x00007ffb208fe000,0x00007ffb209fe000)]
  0x00007ffb1c0ae0b0 JavaThread "Signal Dispatcher" daemon [_thread_blocked, id=34, stack(0x00007ffb20518000,0x00007ffb20618000)]
  0x00007ffb1c0af460 JavaThread "Service Thread" daemon [_thread_blocked, id=35, stack(0x00007ffb20418000,0x00007ffb20518000)]
  0x00007ffb1c0b0850 JavaThread "Monitor Deflation Thread" daemon [_thread_blocked, id=36, stack(0x00007ffb20318000,0x00007ffb20418000)]
=>0x00007ffb1c0b2240 JavaThread "JVMCI-native CompilerThread0" daemon [_thread_in_vm, id=37, stack(0x00007ffb20118000,0x00007ffb20318000)]
  0x00007ffb1c0b3750 JavaThread "C1 CompilerThread0" daemon [_thread_blocked, id=38, stack(0x00007ffb032b3000,0x00007ffb034b3000)]
  0x00007ffb1c0b47b0 JavaThread "Sweeper thread" daemon [_thread_blocked, id=39, stack(0x00007ffb20018000,0x00007ffb20118000)]
  0x00007ffb1c0dfd90 JavaThread "Common-Cleaner" daemon [_thread_blocked, id=40, stack(0x00007ffb031b3000,0x00007ffb032b3000)]
  0x00007ffb1c128af0 JavaThread "Notification Thread" daemon [_thread_blocked, id=41, stack(0x00007ffb030b3000,0x00007ffb031b3000)]
  0x00007ffb1c33b130 JavaThread "Active Thread: Equinox Container: 10ad6059-71db-4091-bb15-a2c2cf5c827d" [_thread_blocked, id=47, stack(0x00007ffb00b00000,0x00007ffb00c00000)]
  0x00007ffb1c36ee40 JavaThread "Framework Event Dispatcher: Equinox Container: 10ad6059-71db-4091-bb15-a2c2cf5c827d" daemon [_thread_blocked, id=48, stack(0x00007ffb00900000,0x00007ffb00a00000)]
  0x00007ffb1c370f10 JavaThread "Start Level: Equinox Container: 10ad6059-71db-4091-bb15-a2c2cf5c827d" daemon [_thread_blocked, id=49, stack(0x00007ffb00700000,0x00007ffb00800000)]
  0x00007ffb1c636460 JavaThread "Refresh Thread: Equinox Container: 10ad6059-71db-4091-bb15-a2c2cf5c827d" daemon [_thread_blocked, id=50, stack(0x00007ffb00500000,0x00007ffb00600000)]
  0x00007ffab4017140 JavaThread "SCR Component Actor" daemon [_thread_blocked, id=51, stack(0x00007ffb00300000,0x00007ffb00400000)]
  0x00007ffab42a1100 JavaThread "Worker-JM" [_thread_blocked, id=53, stack(0x00007ffacad00000,0x00007ffacae00000)]
  0x00007ffab4485280 JavaThread "Java indexing" daemon [_thread_blocked, id=56, stack(0x00007ffaca700000,0x00007ffaca800000)]
  0x00007ffab45ef8f0 JavaThread "Bundle File Closer" daemon [_thread_blocked, id=57, stack(0x00007ffaca500000,0x00007ffaca600000)]
  0x00007ffb1c46e350 JavaThread "pool-3-thread-1" [_thread_blocked, id=58, stack(0x00007ffaca300000,0x00007ffaca400000)]
  0x00007ffb1c3d9ce0 JavaThread "pool-2-thread-1" [_thread_in_native, id=60, stack(0x00007ffac9f00000,0x00007ffaca000000)]
  0x00007ffa90001130 JavaThread "Worker-3" [_thread_blocked, id=61, stack(0x00007ffac9d00000,0x00007ffac9e00000)]
  0x00007ffa88000ff0 JavaThread "Worker-4" [_thread_blocked, id=62, stack(0x00007ffac9b00000,0x00007ffac9c00000)]
  0x00007ffa8415cfd0 JavaThread "Thread-3" [_thread_blocked, id=71, stack(0x00007ffac9700000,0x00007ffac9800000)]

Other Threads:
  0x00007ffb1c0a1c50 VMThread "VM Thread" [stack: 0x00007ffb20b00000,0x00007ffb20c00000] [id=31] _threads_hazard_ptr=0x00007ffa6c000b70
  0x00007ffb1c12a490 WatcherThread [stack: 0x00007ffb02fb3000,0x00007ffb030b3000] [id=42]
  0x00007ffb1c03df70 GCTaskThread "GC Thread#0" [stack: 0x00007ffb22dc8000,0x00007ffb22ec8000] [id=30]

Threads with active compile tasks:
JVMCI-native CompilerThread0   935421 8582       4       java.util.regex.Pattern$Branch::match (66 bytes)

VM state: synchronizing (normal execution)

VM Mutex/Monitor currently owned by a thread:  ([mutex/lock_event])
[0x00007ffb1c023880] Threads_lock - owner thread: 0x00007ffb1c0a1c50
[0x00007ffb1c024030] Heap_lock - owner thread: 0x00007ffab4485280

OutOfMemory and StackOverflow Exception counts:
OutOfMemoryError java_heap_errors=7
LinkageErrors=62

Heap address: 0x00000000e0000000, size: 512 MB, Compressed Oops mode: 32-bit

CDS archive(s) mapped at: [0x0000000800000000-0x0000000800bc8000-0x0000000800bc8000), size 12353536, SharedBaseAddress: 0x0000000800000000, ArchiveRelocationMode: 0.
Compressed class space mapped at: 0x0000000800c00000-0x0000000840c00000, reserved size: 1073741824
Narrow klass base: 0x0000000800000000, Narrow klass shift: 0, Narrow klass range: 0x100000000

GC Precious Log:
 CPUs: 8 total, 1 available
 Memory: 1024M
 Large Page Support: Disabled
 NUMA Support: Disabled
 Compressed Oops: Enabled (32-bit)
 Alignments: Space 512K, Generation 512K, Heap 2M
 Heap Min Capacity: 100M
 Heap Initial Capacity: 100M
 Heap Max Capacity: 512M
 Pre-touch: Disabled
 Parallel Workers: 1

Heap:
 PSYoungGen      total 65536K, used 45568K [0x00000000f5580000, 0x00000000fab00000, 0x0000000100000000)
  eden space 45568K, 100% used [0x00000000f5580000,0x00000000f8200000,0x00000000f8200000)
  from space 19968K, 0% used [0x00000000f8200000,0x00000000f8200000,0x00000000f9580000)
  to   space 17920K, 0% used [0x00000000f9600000,0x00000000f9600000,0x00000000fa780000)
 ParOldGen       total 349696K, used 349695K [0x00000000e0000000, 0x00000000f5580000, 0x00000000f5580000)
  object space 349696K, 99% used [0x00000000e0000000,0x00000000f557fff0,0x00000000f5580000)
 Metaspace       used 57261K, committed 58176K, reserved 1105920K
  class space    used 5624K, committed 6016K, reserved 1048576K

Card table byte_map: [0x00007ffb22ec8000,0x00007ffb22fc9000] _byte_map_base: 0x00007ffb227c8000

Marking Bits: (ParMarkBitMap*) 0x00007ffb246184c0
 Begin Bits: [0x00007ffb21d1b000, 0x00007ffb2251b000)
 End Bits:   [0x00007ffb2251b000, 0x00007ffb22d1b000)

Polling page: 0x00007ffb231e2000

Metaspace:

Usage:
  Non-class:     50.43 MB used.
      Class:      5.49 MB used.
       Both:     55.92 MB used.

Virtual space:
  Non-class space:       56.00 MB reserved,      50.94 MB ( 91%) committed,  7 nodes.
      Class space:        1.00 GB reserved,       5.88 MB ( <1%) committed,  1 nodes.
             Both:        1.05 GB reserved,      56.81 MB (  5%) committed. 

Chunk freelists:
   Non-Class:  732.00 KB
       Class:  2.15 MB
        Both:  2.87 MB

MaxMetaspaceSize: unlimited
CompressedClassSpaceSize: 1.00 GB
Initial GC threshold: 21.00 MB
Current GC threshold: 94.62 MB
CDS: on
MetaspaceReclaimPolicy: balanced
 - commit_granule_bytes: 65536.
 - commit_granule_words: 8192.
 - virtual_space_node_default_size: 1048576.
 - enlarge_chunks_in_place: 1.
 - new_chunks_are_fully_committed: 0.
 - uncommit_free_chunks: 1.
 - use_allocation_guard: 0.
 - handle_deallocations: 1.


Internal statistics:

num_allocs_failed_limit: 6.
num_arena_births: 498.
num_arena_deaths: 162.
num_vsnodes_births: 8.
num_vsnodes_deaths: 0.
num_space_committed: 908.
num_space_uncommitted: 0.
num_chunks_returned_to_freelist: 229.
num_chunks_taken_from_freelist: 2741.
num_chunk_merges: 90.
num_chunk_splits: 1759.
num_chunks_enlarged: 1110.
num_purges: 10.
num_inconsistent_stats: 0.

CodeHeap 'non-profiled nmethods': size=120036Kb used=2551Kb max_used=2760Kb free=117484Kb
 bounds [0x00007ffb0af7a000, 0x00007ffb0b23a000, 0x00007ffb124b3000]
CodeHeap 'profiled nmethods': size=120032Kb used=13403Kb max_used=15696Kb free=106628Kb
 bounds [0x00007ffb03a42000, 0x00007ffb049a2000, 0x00007ffb0af7a000]
CodeHeap 'non-nmethods': size=5692Kb used=1388Kb max_used=1390Kb free=4303Kb
 bounds [0x00007ffb034b3000, 0x00007ffb03723000, 0x00007ffb03a42000]
 total_blobs=7260 nmethods=6536 adapters=617
 compilation: enabled
              stopped_count=0, restarted_count=0
 full_count=0

JVMCI Events (20 events):
Event: 512.434 Thread 0x00007ffb1c0b2240 destroyed JavaVM[6]@0x00007ffac919e340 for JVMCI runtime 0
Event: 512.434 Thread 0x00007ffb1c0b2240 compacted oop handles in JVMCI runtime 0 from 46 to 46
Event: 512.434 Thread 0x00007ffb1c0b2240 releasing handles for JVMCI runtime 0: oop handles=46, metadata handles={total=91, live=80, blocks=36}
Event: 512.434 Thread 0x00007ffb1c0b2240 detached from JVMCI runtime 0
Event: 807.761 Thread 0x00007ffb1c0b2240 attached to JVMCI runtime 0
Event: 807.762 Thread 0x00007ffb1c0b2240 created JavaVM[7]@0x00007ffac919e340 for JVMCI runtime 0
Event: 807.762 Thread 0x00007ffb1c0b2240 initializing JVMCI runtime 0
Event: 807.762 Thread 0x00007ffb1c0b2240 done waiting for JavaVM references initialization in JVMCI runtime 0
Event: 823.342 Thread 0x00007ffb1c0b2240 initialized JVMCI runtime 0
Event: 831.937 Thread 0x00007ffb1c0b2240 detaching from JVMCI runtime 0: releasing idle compiler thread (0 other threads still attached)
Event: 831.937 Thread 0x00007ffb1c0b2240 shutting down HotSpotJVMCIRuntime for JVMCI runtime 0
Event: 833.424 Thread 0x00007ffb1c0b2240 shut down JVMCI runtime 0
Event: 834.938 Thread 0x00007ffb1c0b2240 destroyed JavaVM[7]@0x00007ffac919e340 for JVMCI runtime 0
Event: 834.938 Thread 0x00007ffb1c0b2240 compacted oop handles in JVMCI runtime 0 from 46 to 46
Event: 834.938 Thread 0x00007ffb1c0b2240 releasing handles for JVMCI runtime 0: oop handles=46, metadata handles={total=95, live=83, blocks=36}
Event: 834.938 Thread 0x00007ffb1c0b2240 detached from JVMCI runtime 0
Event: 897.423 Thread 0x00007ffb1c0b2240 attached to JVMCI runtime 0
Event: 897.425 Thread 0x00007ffb1c0b2240 created JavaVM[8]@0x00007ffac919e340 for JVMCI runtime 0
Event: 898.732 Thread 0x00007ffb1c0b2240 initializing JVMCI runtime 0
Event: 898.732 Thread 0x00007ffb1c0b2240 done waiting for JavaVM references initialization in JVMCI runtime 0

Compilation events (20 events):
Event: 773.566 Thread 0x00007ffb1c0b3750 nmethod 8571 0x00007ffb0431c390 code [0x00007ffb0431c7e0, 0x00007ffb0431ec50]
Event: 803.848 Thread 0x00007ffb1c0b3750 8576       3       java.lang.invoke.InvokerBytecodeGenerator::emitPushArguments (45 bytes)
Event: 806.468 Thread 0x00007ffb1c0b3750 nmethod 8576 0x00007ffb0417e210 code [0x00007ffb0417e400, 0x00007ffb0417e9d0]
Event: 806.468 Thread 0x00007ffb1c0b3750 8572       3       java.lang.invoke.LambdaForm$NamedFunction::member (26 bytes)
Event: 806.468 Thread 0x00007ffb1c0b3750 nmethod 8572 0x00007ffb03b9b590 code [0x00007ffb03b9b720, 0x00007ffb03b9b830]
Event: 806.469 Thread 0x00007ffb1c0b3750 8573       3       java.lang.invoke.InvokerBytecodeGenerator::isStaticallyInvocable (165 bytes)
Event: 806.470 Thread 0x00007ffb1c0b3750 nmethod 8573 0x00007ffb04329b10 code [0x00007ffb04329f40, 0x00007ffb0432bee0]
Event: 806.470 Thread 0x00007ffb1c0b3750 8574       3       java.lang.invoke.MemberName::isPrivate (8 bytes)
Event: 807.761 Thread 0x00007ffb1c0b2240 8577       4       jdk.internal.org.objectweb.asm.SymbolTable::put (150 bytes)
Event: 807.761 Thread 0x00007ffb1c0b3750 nmethod 8574 0x00007ffb0406c990 code [0x00007ffb0406cb40, 0x00007ffb0406cd10]
Event: 807.761 Thread 0x00007ffb1c0b3750 8575       3       java.lang.invoke.InvokerBytecodeGenerator::emitStaticInvoke (258 bytes)
Event: 809.060 Thread 0x00007ffb1c0b3750 nmethod 8575 0x00007ffb0420f510 code [0x00007ffb0420f820, 0x00007ffb04210a00]
Event: 827.660 Thread 0x00007ffb1c0b3750 8579   !   3       org.eclipse.core.internal.jobs.JobManager::sleepHint (67 bytes)
Event: 830.430 Thread 0x00007ffb1c0b3750 nmethod 8579 0x00007ffb046b9790 code [0x00007ffb046b99e0, 0x00007ffb046ba330]
Event: 830.433 Thread 0x00007ffb1c0b2240 nmethod 8577 0x00007ffb0b121c90 code [0x00007ffb0b121e20, 0x00007ffb0b122160]
Event: 830.433 Thread 0x00007ffb1c0b2240 8578       4       java.io.DataOutputStream::writeUTF (7 bytes)
Event: 830.436 Thread 0x00007ffb1c0b2240 nmethod 8578 0x00007ffb0b179a90 code [0x00007ffb0b179c20, 0x00007ffb0b179c90]
Event: 837.839 Thread 0x00007ffb1c0b3750 8581       3       java.lang.invoke.MethodHandle::intrinsicName (4 bytes)
Event: 840.546 Thread 0x00007ffb1c0b3750 nmethod 8581 0x00007ffb03cae610 code [0x00007ffb03cae7a0, 0x00007ffb03cae8b0]
Event: 897.423 Thread 0x00007ffb1c0b2240 8582       4       java.util.regex.Pattern$Branch::match (66 bytes)

GC Heap History (20 events):
Event: 921.354 GC heap before
{Heap before GC invocations=740 (full 613):
 PSYoungGen      total 65536K, used 45567K [0x00000000f5580000, 0x00000000fab00000, 0x0000000100000000)
  eden space 45568K, 99% used [0x00000000f5580000,0x00000000f81ffff0,0x00000000f8200000)
  from space 19968K, 0% used [0x00000000f8200000,0x00000000f8200000,0x00000000f9580000)
  to   space 17920K, 0% used [0x00000000f9600000,0x00000000f9600000,0x00000000fa780000)
 ParOldGen       total 349696K, used 349695K [0x00000000e0000000, 0x00000000f5580000, 0x00000000f5580000)
  object space 349696K, 99% used [0x00000000e0000000,0x00000000f557ff08,0x00000000f5580000)
 Metaspace       used 57261K, committed 58176K, reserved 1105920K
  class space    used 5624K, committed 6016K, reserved 1048576K
}
Event: 922.931 GC heap after
{Heap after GC invocations=740 (full 613):
 PSYoungGen      total 63488K, used 45567K [0x00000000f5580000, 0x00000000fab00000, 0x0000000100000000)
  eden space 45568K, 99% used [0x00000000f5580000,0x00000000f81fff10,0x00000000f8200000)
  from space 17920K, 0% used [0x00000000f9600000,0x00000000f9600000,0x00000000fa780000)
  to   space 19968K, 0% used [0x00000000f8200000,0x00000000f8200000,0x00000000f9580000)
 ParOldGen       total 349696K, used 349694K [0x00000000e0000000, 0x00000000f5580000, 0x00000000f5580000)
  object space 349696K, 99% used [0x00000000e0000000,0x00000000f557fb98,0x00000000f5580000)
 Metaspace       used 57261K, committed 58176K, reserved 1105920K
  class space    used 5624K, committed 6016K, reserved 1048576K
}
Event: 922.932 GC heap before
{Heap before GC invocations=741 (full 614):
 PSYoungGen      total 63488K, used 45568K [0x00000000f5580000, 0x00000000fab00000, 0x0000000100000000)
  eden space 45568K, 100% used [0x00000000f5580000,0x00000000f8200000,0x00000000f8200000)
  from space 17920K, 0% used [0x00000000f9600000,0x00000000f9600000,0x00000000fa780000)
  to   space 19968K, 0% used [0x00000000f8200000,0x00000000f8200000,0x00000000f9580000)
 ParOldGen       total 349696K, used 349695K [0x00000000e0000000, 0x00000000f5580000, 0x00000000f5580000)
  object space 349696K, 99% used [0x00000000e0000000,0x00000000f557fff0,0x00000000f5580000)
 Metaspace       used 57261K, committed 58176K, reserved 1105920K
  class space    used 5624K, committed 6016K, reserved 1048576K
}
Event: 924.223 GC heap after
{Heap after GC invocations=741 (full 614):
 PSYoungGen      total 65536K, used 45567K [0x00000000f5580000, 0x00000000fab00000, 0x0000000100000000)
  eden space 45568K, 99% used [0x00000000f5580000,0x00000000f81fffe8,0x00000000f8200000)
  from space 19968K, 0% used [0x00000000f8200000,0x00000000f8200000,0x00000000f9580000)
  to   space 17920K, 0% used [0x00000000f9600000,0x00000000f9600000,0x00000000fa780000)
 ParOldGen       total 349696K, used 349695K [0x00000000e0000000, 0x00000000f5580000, 0x00000000f5580000)
  object space 349696K, 99% used [0x00000000e0000000,0x00000000f557fee0,0x00000000f5580000)
 Metaspace       used 57261K, committed 58176K, reserved 1105920K
  class space    used 5624K, committed 6016K, reserved 1048576K
}
Event: 924.231 GC heap before
{Heap before GC invocations=742 (full 615):
 PSYoungGen      total 65536K, used 45568K [0x00000000f5580000, 0x00000000fab00000, 0x0000000100000000)
  eden space 45568K, 100% used [0x00000000f5580000,0x00000000f8200000,0x00000000f8200000)
  from space 19968K, 0% used [0x00000000f8200000,0x00000000f8200000,0x00000000f9580000)
  to   space 17920K, 0% used [0x00000000f9600000,0x00000000f9600000,0x00000000fa780000)
 ParOldGen       total 349696K, used 349695K [0x00000000e0000000, 0x00000000f5580000, 0x00000000f5580000)
  object space 349696K, 99% used [0x00000000e0000000,0x00000000f557fee0,0x00000000f5580000)
 Metaspace       used 57261K, committed 58176K, reserved 1105920K
  class space    used 5624K, committed 6016K, reserved 1048576K
}
Event: 925.556 GC heap after
{Heap after GC invocations=742 (full 615):
 PSYoungGen      total 63488K, used 45568K [0x00000000f5580000, 0x00000000fab00000, 0x0000000100000000)
  eden space 45568K, 100% used [0x00000000f5580000,0x00000000f8200000,0x00000000f8200000)
  from space 17920K, 0% used [0x00000000f9600000,0x00000000f9600000,0x00000000fa780000)
  to   space 19968K, 0% used [0x00000000f8200000,0x00000000f8200000,0x00000000f9580000)
 ParOldGen       total 349696K, used 349695K [0x00000000e0000000, 0x00000000f5580000, 0x00000000f5580000)
  object space 349696K, 99% used [0x00000000e0000000,0x00000000f557fee0,0x00000000f5580000)
 Metaspace       used 57261K, committed 58176K, reserved 1105920K
  class space    used 5624K, committed 6016K, reserved 1048576K
}
Event: 925.556 GC heap before
{Heap before GC invocations=743 (full 616):
 PSYoungGen      total 63488K, used 45568K [0x00000000f5580000, 0x00000000fab00000, 0x0000000100000000)
  eden space 45568K, 100% used [0x00000000f5580000,0x00000000f8200000,0x00000000f8200000)
  from space 17920K, 0% used [0x00000000f9600000,0x00000000f9600000,0x00000000fa780000)
  to   space 19968K, 0% used [0x00000000f8200000,0x00000000f8200000,0x00000000f9580000)
 ParOldGen       total 349696K, used 349695K [0x00000000e0000000, 0x00000000f5580000, 0x00000000f5580000)
  object space 349696K, 99% used [0x00000000e0000000,0x00000000f557ffd0,0x00000000f5580000)
 Metaspace       used 57261K, committed 58176K, reserved 1105920K
  class space    used 5624K, committed 6016K, reserved 1048576K
}
Event: 927.019 GC heap after
{Heap after GC invocations=743 (full 616):
 PSYoungGen      total 65536K, used 45567K [0x00000000f5580000, 0x00000000fab00000, 0x0000000100000000)
  eden space 45568K, 99% used [0x00000000f5580000,0x00000000f81fffd8,0x00000000f8200000)
  from space 19968K, 0% used [0x00000000f8200000,0x00000000f8200000,0x00000000f9580000)
  to   space 17920K, 0% used [0x00000000f9600000,0x00000000f9600000,0x00000000fa780000)
 ParOldGen       total 349696K, used 349695K [0x00000000e0000000, 0x00000000f5580000, 0x00000000f5580000)
  object space 349696K, 99% used [0x00000000e0000000,0x00000000f557ffc0,0x00000000f5580000)
 Metaspace       used 57261K, committed 58176K, reserved 1105920K
  class space    used 5624K, committed 6016K, reserved 1048576K
}
Event: 927.019 GC heap before
{Heap before GC invocations=744 (full 617):
 PSYoungGen      total 65536K, used 45567K [0x00000000f5580000, 0x00000000fab00000, 0x0000000100000000)
  eden space 45568K, 99% used [0x00000000f5580000,0x00000000f81fffd8,0x00000000f8200000)
  from space 19968K, 0% used [0x00000000f8200000,0x00000000f8200000,0x00000000f9580000)
  to   space 17920K, 0% used [0x00000000f9600000,0x00000000f9600000,0x00000000fa780000)
 ParOldGen       total 349696K, used 349695K [0x00000000e0000000, 0x00000000f5580000, 0x00000000f5580000)
  object space 349696K, 99% used [0x00000000e0000000,0x00000000f557ffc0,0x00000000f5580000)
 Metaspace       used 57261K, committed 58176K, reserved 1105920K
  class space    used 5624K, committed 6016K, reserved 1048576K
}
Event: 928.457 GC heap after
{Heap after GC invocations=744 (full 617):
 PSYoungGen      total 63488K, used 45567K [0x00000000f5580000, 0x00000000fab00000, 0x0000000100000000)
  eden space 45568K, 99% used [0x00000000f5580000,0x00000000f81fff88,0x00000000f8200000)
  from space 17920K, 0% used [0x00000000f9600000,0x00000000f9600000,0x00000000fa780000)
  to   space 19968K, 0% used [0x00000000f8200000,0x00000000f8200000,0x00000000f9580000)
 ParOldGen       total 349696K, used 349695K [0x00000000e0000000, 0x00000000f5580000, 0x00000000f5580000)
  object space 349696K, 99% used [0x00000000e0000000,0x00000000f557fc10,0x00000000f5580000)
 Metaspace       used 57261K, committed 58176K, reserved 1105920K
  class space    used 5624K, committed 6016K, reserved 1048576K
}
Event: 928.457 GC heap before
{Heap before GC invocations=745 (full 618):
 PSYoungGen      total 63488K, used 45568K [0x00000000f5580000, 0x00000000fab00000, 0x0000000100000000)
  eden space 45568K, 100% used [0x00000000f5580000,0x00000000f8200000,0x00000000f8200000)
  from space 17920K, 0% used [0x00000000f9600000,0x00000000f9600000,0x00000000fa780000)
  to   space 19968K, 0% used [0x00000000f8200000,0x00000000f8200000,0x00000000f9580000)
 ParOldGen       total 349696K, used 349695K [0x00000000e0000000, 0x00000000f5580000, 0x00000000f5580000)
  object space 349696K, 99% used [0x00000000e0000000,0x00000000f557fcd0,0x00000000f5580000)
 Metaspace       used 57261K, committed 58176K, reserved 1105920K
  class space    used 5624K, committed 6016K, reserved 1048576K
}
Event: 929.929 GC heap after
{Heap after GC invocations=745 (full 618):
 PSYoungGen      total 65536K, used 45567K [0x00000000f5580000, 0x00000000fab00000, 0x0000000100000000)
  eden space 45568K, 99% used [0x00000000f5580000,0x00000000f81fffd0,0x00000000f8200000)
  from space 19968K, 0% used [0x00000000f8200000,0x00000000f8200000,0x00000000f9580000)
  to   space 17920K, 0% used [0x00000000f9600000,0x00000000f9600000,0x00000000fa780000)
 ParOldGen       total 349696K, used 349695K [0x00000000e0000000, 0x00000000f5580000, 0x00000000f5580000)
  object space 349696K, 99% used [0x00000000e0000000,0x00000000f557fc68,0x00000000f5580000)
 Metaspace       used 57261K, committed 58176K, reserved 1105920K
  class space    used 5624K, committed 6016K, reserved 1048576K
}
Event: 929.930 GC heap before
{Heap before GC invocations=746 (full 619):
 PSYoungGen      total 65536K, used 45568K [0x00000000f5580000, 0x00000000fab00000, 0x0000000100000000)
  eden space 45568K, 100% used [0x00000000f5580000,0x00000000f8200000,0x00000000f8200000)
  from space 19968K, 0% used [0x00000000f8200000,0x00000000f8200000,0x00000000f9580000)
  to   space 17920K, 0% used [0x00000000f9600000,0x00000000f9600000,0x00000000fa780000)
 ParOldGen       total 349696K, used 349695K [0x00000000e0000000, 0x00000000f5580000, 0x00000000f5580000)
  object space 349696K, 99% used [0x00000000e0000000,0x00000000f557fff8,0x00000000f5580000)
 Metaspace       used 57261K, committed 58176K, reserved 1105920K
  class space    used 5624K, committed 6016K, reserved 1048576K
}
Event: 931.327 GC heap after
{Heap after GC invocations=746 (full 619):
 PSYoungGen      total 63488K, used 45567K [0x00000000f5580000, 0x00000000fab00000, 0x0000000100000000)
  eden space 45568K, 99% used [0x00000000f5580000,0x00000000f81ffe98,0x00000000f8200000)
  from space 17920K, 0% used [0x00000000f9600000,0x00000000f9600000,0x00000000fa780000)
  to   space 19968K, 0% used [0x00000000f8200000,0x00000000f8200000,0x00000000f9580000)
 ParOldGen       total 349696K, used 349695K [0x00000000e0000000, 0x00000000f5580000, 0x00000000f5580000)
  object space 349696K, 99% used [0x00000000e0000000,0x00000000f557ffd8,0x00000000f5580000)
 Metaspace       used 57261K, committed 58176K, reserved 1105920K
  class space    used 5624K, committed 6016K, reserved 1048576K
}
Event: 931.331 GC heap before
{Heap before GC invocations=747 (full 620):
 PSYoungGen      total 63488K, used 45567K [0x00000000f5580000, 0x00000000fab00000, 0x0000000100000000)
  eden space 45568K, 99% used [0x00000000f5580000,0x00000000f81ffff8,0x00000000f8200000)
  from space 17920K, 0% used [0x00000000f9600000,0x00000000f9600000,0x00000000fa780000)
  to   space 19968K, 0% used [0x00000000f8200000,0x00000000f8200000,0x00000000f9580000)
 ParOldGen       total 349696K, used 349695K [0x00000000e0000000, 0x00000000f5580000, 0x00000000f5580000)
  object space 349696K, 99% used [0x00000000e0000000,0x00000000f557ffd8,0x00000000f5580000)
 Metaspace       used 57261K, committed 58176K, reserved 1105920K
  class space    used 5624K, committed 6016K, reserved 1048576K
}
Event: 932.652 GC heap after
{Heap after GC invocations=747 (full 620):
 PSYoungGen      total 65536K, used 45567K [0x00000000f5580000, 0x00000000fab00000, 0x0000000100000000)
  eden space 45568K, 99% used [0x00000000f5580000,0x00000000f81ffe98,0x00000000f8200000)
  from space 19968K, 0% used [0x00000000f8200000,0x00000000f8200000,0x00000000f9580000)
  to   space 17920K, 0% used [0x00000000f9600000,0x00000000f9600000,0x00000000fa780000)
 ParOldGen       total 349696K, used 349695K [0x00000000e0000000, 0x00000000f5580000, 0x00000000f5580000)
  object space 349696K, 99% used [0x00000000e0000000,0x00000000f557ffd8,0x00000000f5580000)
 Metaspace       used 57261K, committed 58176K, reserved 1105920K
  class space    used 5624K, committed 6016K, reserved 1048576K
}
Event: 932.652 GC heap before
{Heap before GC invocations=748 (full 621):
 PSYoungGen      total 65536K, used 45567K [0x00000000f5580000, 0x00000000fab00000, 0x0000000100000000)
  eden space 45568K, 99% used [0x00000000f5580000,0x00000000f81fff88,0x00000000f8200000)
  from space 19968K, 0% used [0x00000000f8200000,0x00000000f8200000,0x00000000f9580000)
  to   space 17920K, 0% used [0x00000000f9600000,0x00000000f9600000,0x00000000fa780000)
 ParOldGen       total 349696K, used 349695K [0x00000000e0000000, 0x00000000f5580000, 0x00000000f5580000)
  object space 349696K, 99% used [0x00000000e0000000,0x00000000f557ffd8,0x00000000f5580000)
 Metaspace       used 57261K, committed 58176K, reserved 1105920K
  class space    used 5624K, committed 6016K, reserved 1048576K
}
Event: 934.025 GC heap after
{Heap after GC invocations=748 (full 621):
 PSYoungGen      total 63488K, used 45567K [0x00000000f5580000, 0x00000000fab00000, 0x0000000100000000)
  eden space 45568K, 99% used [0x00000000f5580000,0x00000000f81ffe98,0x00000000f8200000)
  from space 17920K, 0% used [0x00000000f9600000,0x00000000f9600000,0x00000000fa780000)
  to   space 19968K, 0% used [0x00000000f8200000,0x00000000f8200000,0x00000000f9580000)
 ParOldGen       total 349696K, used 349695K [0x00000000e0000000, 0x00000000f5580000, 0x00000000f5580000)
  object space 349696K, 99% used [0x00000000e0000000,0x00000000f557ffd8,0x00000000f5580000)
 Metaspace       used 57261K, committed 58176K, reserved 1105920K
  class space    used 5624K, committed 6016K, reserved 1048576K
}
Event: 934.025 GC heap before
{Heap before GC invocations=749 (full 622):
 PSYoungGen      total 63488K, used 45567K [0x00000000f5580000, 0x00000000fab00000, 0x0000000100000000)
  eden space 45568K, 99% used [0x00000000f5580000,0x00000000f81ffe98,0x00000000f8200000)
  from space 17920K, 0% used [0x00000000f9600000,0x00000000f9600000,0x00000000fa780000)
  to   space 19968K, 0% used [0x00000000f8200000,0x00000000f8200000,0x00000000f9580000)
 ParOldGen       total 349696K, used 349695K [0x00000000e0000000, 0x00000000f5580000, 0x00000000f5580000)
  object space 349696K, 99% used [0x00000000e0000000,0x00000000f557ffd8,0x00000000f5580000)
 Metaspace       used 57261K, committed 58176K, reserved 1105920K
  class space    used 5624K, committed 6016K, reserved 1048576K
}
Event: 935.353 GC heap after
{Heap after GC invocations=749 (full 622):
 PSYoungGen      total 65536K, used 45567K [0x00000000f5580000, 0x00000000fab00000, 0x0000000100000000)
  eden space 45568K, 99% used [0x00000000f5580000,0x00000000f81ffe50,0x00000000f8200000)
  from space 19968K, 0% used [0x00000000f8200000,0x00000000f8200000,0x00000000f9580000)
  to   space 17920K, 0% used [0x00000000f9600000,0x00000000f9600000,0x00000000fa780000)
 ParOldGen       total 349696K, used 349695K [0x00000000e0000000, 0x00000000f5580000, 0x00000000f5580000)
  object space 349696K, 99% used [0x00000000e0000000,0x00000000f557ff40,0x00000000f5580000)
 Metaspace       used 57261K, committed 58176K, reserved 1105920K
  class space    used 5624K, committed 6016K, reserved 1048576K
}

Dll operation events (9 events):
Event: 0.009 Loaded shared library /nix/store/gpxl5qgg8kicmcvivwmybwjlpf7wh20l-graalvm17-ce-22.3.0/lib/libjava.so
Event: 0.017 Loaded shared library /nix/store/gpxl5qgg8kicmcvivwmybwjlpf7wh20l-graalvm17-ce-22.3.0/lib/libjsvml.so
Event: 0.143 Loaded shared library /nix/store/gpxl5qgg8kicmcvivwmybwjlpf7wh20l-graalvm17-ce-22.3.0/lib/libnio.so
Event: 0.145 Loaded shared library /nix/store/gpxl5qgg8kicmcvivwmybwjlpf7wh20l-graalvm17-ce-22.3.0/lib/libjvmcicompiler.so
Event: 0.219 Loaded shared library /nix/store/gpxl5qgg8kicmcvivwmybwjlpf7wh20l-graalvm17-ce-22.3.0/lib/libzip.so
Event: 0.568 Loaded shared library /nix/store/gpxl5qgg8kicmcvivwmybwjlpf7wh20l-graalvm17-ce-22.3.0/lib/libjimage.so
Event: 1.033 Loaded shared library /nix/store/gpxl5qgg8kicmcvivwmybwjlpf7wh20l-graalvm17-ce-22.3.0/lib/libnet.so
Event: 4.024 Loaded shared library /home/runner/.cache/jdt-language-server/config/org.eclipse.equinox.launcher/org.eclipse.equinox.launcher.gtk.linux.x86_64_1.2.400.v20211117-0650/eclipse_11600.so
Event: 11.718 Loaded shared library /nix/store/gpxl5qgg8kicmcvivwmybwjlpf7wh20l-graalvm17-ce-22.3.0/lib/libextnet.so

Deoptimization events (20 events):
Event: 91.545 Thread 0x00007ffa8415cfd0 DEOPT PACKING pc=0x00007ffb047dcddd sp=0x00007ffac97fc830
Event: 91.545 Thread 0x00007ffa8415cfd0 DEOPT UNPACKING pc=0x00007ffb03505325 sp=0x00007ffac97fbcd8 mode 0
Event: 420.715 Thread 0x00007ffb1c0b2240 DEOPT PACKING pc=0x00007ffb044635d8 sp=0x00007ffb20315ef0
Event: 420.715 Thread 0x00007ffb1c0b2240 DEOPT UNPACKING pc=0x00007ffb03505325 sp=0x00007ffb20315458 mode 0
Event: 464.520 Thread 0x00007ffa8415cfd0 Uncommon trap: trap_request=0xffffff8f fr.pc=0x00007ffb0b11e501 relative=0x0000000000000161
Event: 464.520 Thread 0x00007ffa8415cfd0 Uncommon trap: reason=constraint action=none pc=0x00007ffb0b11e501 method=java.lang.reflect.Field.copy()Ljava/lang/reflect/Field; @ 0 jvmci
Event: 465.966 Thread 0x00007ffa8415cfd0 DEOPT PACKING pc=0x00007ffb0b11e501 sp=0x00007ffac97fd880
Event: 465.966 Thread 0x00007ffa8415cfd0 DEOPT UNPACKING pc=0x00007ffb03505325 sp=0x00007ffac97fcd18 mode 3
Event: 468.740 Thread 0x00007ffa8415cfd0 Uncommon trap: trap_request=0xffffff8f fr.pc=0x00007ffb0b11e501 relative=0x0000000000000161
Event: 468.740 Thread 0x00007ffa8415cfd0 Uncommon trap: reason=constraint action=none pc=0x00007ffb0b11e501 method=java.lang.reflect.Field.copy()Ljava/lang/reflect/Field; @ 0 jvmci
Event: 470.225 Thread 0x00007ffa8415cfd0 DEOPT PACKING pc=0x00007ffb0b11e501 sp=0x00007ffac97fd880
Event: 470.225 Thread 0x00007ffa8415cfd0 DEOPT UNPACKING pc=0x00007ffb03505325 sp=0x00007ffac97fcd18 mode 3
Event: 478.449 Thread 0x00007ffa8415cfd0 Uncommon trap: trap_request=0xffffff8f fr.pc=0x00007ffb0b11e501 relative=0x0000000000000161
Event: 478.449 Thread 0x00007ffa8415cfd0 Uncommon trap: reason=constraint action=none pc=0x00007ffb0b11e501 method=java.lang.reflect.Field.copy()Ljava/lang/reflect/Field; @ 0 jvmci
Event: 481.144 Thread 0x00007ffa8415cfd0 DEOPT PACKING pc=0x00007ffb0b11e501 sp=0x00007ffac97fd880
Event: 481.144 Thread 0x00007ffa8415cfd0 DEOPT UNPACKING pc=0x00007ffb03505325 sp=0x00007ffac97fcd18 mode 3
Event: 481.144 Thread 0x00007ffab4485280 Uncommon trap: trap_request=0xffffff8f fr.pc=0x00007ffb0b21179f relative=0x000000000000105f
Event: 481.144 Thread 0x00007ffab4485280 Uncommon trap: reason=constraint action=none pc=0x00007ffb0b21179f method=org.eclipse.jdt.internal.core.index.DiskIndex.copyQueryResults(Lorg/eclipse/jdt/internal/compiler/util/HashtableOfObject;I)V @ 123 jvmci
Event: 483.953 Thread 0x00007ffab4485280 DEOPT PACKING pc=0x00007ffb0b21179f sp=0x00007ffaca7fe550
Event: 483.953 Thread 0x00007ffab4485280 DEOPT UNPACKING pc=0x00007ffb03505325 sp=0x00007ffaca7fda28 mode 3

Classes unloaded (20 events):
Event: 67.856 Thread 0x00007ffb1c0a1c50 Unloading class 0x0000000800d06000 'java/lang/invoke/LambdaForm$MH+0x0000000800d06000'
Event: 67.856 Thread 0x00007ffb1c0a1c50 Unloading class 0x0000000800d05c00 'java/lang/invoke/LambdaForm$MH+0x0000000800d05c00'
Event: 67.856 Thread 0x00007ffb1c0a1c50 Unloading class 0x0000000800d05800 'java/lang/invoke/LambdaForm$MH+0x0000000800d05800'
Event: 67.856 Thread 0x00007ffb1c0a1c50 Unloading class 0x0000000800d05000 'java/lang/invoke/LambdaForm$MH+0x0000000800d05000'
Event: 67.856 Thread 0x00007ffb1c0a1c50 Unloading class 0x0000000800d04c00 'java/lang/invoke/LambdaForm$MH+0x0000000800d04c00'
Event: 67.856 Thread 0x00007ffb1c0a1c50 Unloading class 0x0000000800d04800 'java/lang/invoke/LambdaForm$MH+0x0000000800d04800'
Event: 67.856 Thread 0x00007ffb1c0a1c50 Unloading class 0x0000000800d04000 'java/lang/invoke/LambdaForm$MH+0x0000000800d04000'
Event: 67.856 Thread 0x00007ffb1c0a1c50 Unloading class 0x0000000800c1d000 'jdk/internal/reflect/GeneratedMethodAccessor5'
Event: 67.856 Thread 0x00007ffb1c0a1c50 Unloading class 0x0000000800c1cc00 'jdk/internal/reflect/GeneratedMethodAccessor4'
Event: 67.856 Thread 0x00007ffb1c0a1c50 Unloading class 0x0000000800c1c800 'jdk/internal/reflect/GeneratedMethodAccessor3'
Event: 67.856 Thread 0x00007ffb1c0a1c50 Unloading class 0x0000000800c1c400 'jdk/internal/reflect/GeneratedMethodAccessor2'
Event: 67.856 Thread 0x00007ffb1c0a1c50 Unloading class 0x0000000800c1c000 'jdk/internal/reflect/GeneratedMethodAccessor1'
Event: 67.856 Thread 0x00007ffb1c0a1c50 Unloading class 0x0000000800c01c00 'java/lang/invoke/LambdaForm$DMH+0x0000000800c01c00'
Event: 208.941 Thread 0x00007ffb1c0a1c50 Unloading class 0x0000000801130000 'jdk/internal/reflect/GeneratedConstructorAccessor40'
Event: 776.055 Thread 0x00007ffb1c0a1c50 Unloading class 0x0000000801110000 'java/lang/invoke/LambdaForm$MH+0x0000000801110000'
Event: 776.055 Thread 0x00007ffb1c0a1c50 Unloading class 0x0000000801123000 'java/lang/invoke/LambdaForm$MH+0x0000000801123000'
Event: 776.055 Thread 0x00007ffb1c0a1c50 Unloading class 0x000000080112a000 'java/lang/invoke/LambdaForm$MH+0x000000080112a000'
Event: 776.055 Thread 0x00007ffb1c0a1c50 Unloading class 0x0000000801130000 'java/lang/invoke/LambdaForm$MH+0x0000000801130000'
Event: 824.428 Thread 0x00007ffb1c0a1c50 Unloading class 0x00000008010a8000 'java/lang/invoke/LambdaForm$MH+0x00000008010a8000'
Event: 863.249 Thread 0x00007ffb1c0a1c50 Unloading class 0x0000000801110000 'java/lang/invoke/LambdaForm$MH+0x0000000801110000'

Classes redefined (0 events):
No events

Internal exceptions (20 events):
Event: 34.951 Thread 0x00007ffa88000ff0 Exception <a 'java/lang/NoSuchMethodError'{0x00000000f5ab6cb8}: 'java.lang.Object java.lang.invoke.Invokers$Holder.linkToTargetMethod(java.lang.Object, java.lang.Object, long, java.lang.Object)'> (0x00000000f5ab6cb8) 
thrown [src/hotspot/share/interpreter/linkResolver.cpp, line 758]
Event: 35.317 Thread 0x00007ffa88000ff0 Exception <a 'java/io/FileNotFoundException'{0x00000000f5e24728}> (0x00000000f5e24728) 
thrown [src/hotspot/share/prims/jni.cpp, line 516]
Event: 35.331 Thread 0x00007ffa88000ff0 Exception <a 'java/lang/NoSuchMethodError'{0x00000000f56da548}: 'java.lang.Object java.lang.invoke.DirectMethodHandle$Holder.newInvokeSpecial(java.lang.Object, java.lang.Object, int, java.lang.Object, java.lang.Object)'> (0x00000000f56da548) 
thrown [src/hotspot/share/interpreter/linkResolver.cpp, line 758]
Event: 35.332 Thread 0x00007ffa88000ff0 Exception <a 'java/lang/NoSuchMethodError'{0x00000000f56de978}: 'java.lang.Object java.lang.invoke.DirectMethodHandle$Holder.invokeSpecial(java.lang.Object, java.lang.Object, java.lang.Object, int, java.lang.Object, java.lang.Object)'> (0x00000000f56de978) 
thrown [src/hotspot/share/interpreter/linkResolver.cpp, line 758]
Event: 35.640 Thread 0x00007ffa88000ff0 Exception <a 'java/lang/NoSuchMethodError'{0x00000000f59e0ed0}: 'java.lang.Object java.lang.invoke.DirectMethodHandle$Holder.newInvokeSpecial(java.lang.Object, java.lang.Object, java.lang.Object, int, java.lang.Object)'> (0x00000000f59e0ed0) 
thrown [src/hotspot/share/interpreter/linkResolver.cpp, line 758]
Event: 35.641 Thread 0x00007ffa88000ff0 Exception <a 'java/lang/NoSuchMethodError'{0x00000000f59fe948}: 'java.lang.Object java.lang.invoke.DirectMethodHandle$Holder.invokeSpecial(java.lang.Object, java.lang.Object, java.lang.Object, java.lang.Object, int, java.lang.Object)'> (0x00000000f59fe948) 
thrown [src/hotspot/share/interpreter/linkResolver.cpp, line 758]
Event: 35.641 Thread 0x00007ffa88000ff0 Exception <a 'java/lang/NoSuchMethodError'{0x00000000f5a1db90}: 'java.lang.Object java.lang.invoke.Invokers$Holder.linkToTargetMethod(java.lang.Object, java.lang.Object, int, java.lang.Object, java.lang.Object)'> (0x00000000f5a1db90) 
thrown [src/hotspot/share/interpreter/linkResolver.cpp, line 758]
Event: 37.325 Thread 0x00007ffa88000ff0 Implicit null exception at 0x00007ffb0b0b70e9 to 0x00007ffb0b0b729b
Event: 464.520 Thread 0x00007ffa8415cfd0 Exception <a 'java/lang/OutOfMemoryError'{0x00000000e00124f0}> (0x00000000e00124f0) 
thrown [src/hotspot/share/gc/shared/memAllocator.cpp, line 138]
Event: 464.520 Thread 0x00007ffa8415cfd0 Implicit null exception at 0x00007ffb0b11e4c6 to 0x00007ffb0b11e4e6
Event: 468.740 Thread 0x00007ffa8415cfd0 Exception <a 'java/lang/OutOfMemoryError'{0x00000000e0011f50}> (0x00000000e0011f50) 
thrown [src/hotspot/share/gc/shared/memAllocator.cpp, line 138]
Event: 468.740 Thread 0x00007ffa8415cfd0 Implicit null exception at 0x00007ffb0b11e4c6 to 0x00007ffb0b11e4e6
Event: 478.449 Thread 0x00007ffa8415cfd0 Exception <a 'java/lang/OutOfMemoryError'{0x00000000e00119b0}> (0x00000000e00119b0) 
thrown [src/hotspot/share/gc/shared/memAllocator.cpp, line 138]
Event: 478.449 Thread 0x00007ffa8415cfd0 Implicit null exception at 0x00007ffb0b11e4c6 to 0x00007ffb0b11e4e6
Event: 481.144 Thread 0x00007ffab4485280 Exception <a 'java/lang/OutOfMemoryError'{0x00000000e00119b0}> (0x00000000e00119b0) 
thrown [src/hotspot/share/gc/shared/memAllocator.cpp, line 138]
Event: 481.144 Thread 0x00007ffab4485280 Implicit null exception at 0x00007ffb0b2111f3 to 0x00007ffb0b211784
Event: 483.953 Thread 0x00007ffa8415cfd0 Exception <a 'java/lang/OutOfMemoryError'{0x00000000e0011cd0}> (0x00000000e0011cd0) 
thrown [src/hotspot/share/gc/shared/memAllocator.cpp, line 136]
Event: 483.953 Thread 0x00007ffa8415cfd0 Exception <a 'java/lang/OutOfMemoryError'{0x00000000e0011cd0}> (0x00000000e0011cd0) 
thrown [src/hotspot/share/oops/instanceKlass.cpp, line 1166]
Event: 874.764 Thread 0x00007ffa8415cfd0 Exception <a 'java/lang/ClassNotFoundException'{0x00000000f557bdf0}: sun/util/logging/resources/spi/loggingProvider> (0x00000000f557bdf0) 
thrown [src/hotspot/share/classfile/systemDictionary.cpp, line 256]
Event: 935.353 Thread 0x00007ffb1c0b2240 Exception <a 'java/lang/OutOfMemoryError'{0x00000000e0011cd0}> (0x00000000e0011cd0) 
thrown [src/hotspot/share/gc/shared/memAllocator.cpp, line 136]

VM Operations (20 events):
Event: 919.863 Executing VM operation: ParallelGCFailedAllocation done
Event: 919.863 Executing VM operation: ParallelGCFailedAllocation
Event: 921.354 Executing VM operation: ParallelGCFailedAllocation done
Event: 921.354 Executing VM operation: ParallelGCFailedAllocation
Event: 922.932 Executing VM operation: ParallelGCFailedAllocation done
Event: 922.932 Executing VM operation: ParallelGCFailedAllocation
Event: 924.223 Executing VM operation: ParallelGCFailedAllocation done
Event: 924.230 Executing VM operation: ParallelGCFailedAllocation
Event: 925.556 Executing VM operation: ParallelGCFailedAllocation done
Event: 925.556 Executing VM operation: ParallelGCFailedAllocation
Event: 928.457 Executing VM operation: ParallelGCFailedAllocation done
Event: 928.457 Executing VM operation: ParallelGCFailedAllocation
Event: 929.929 Executing VM operation: ParallelGCFailedAllocation done
Event: 929.930 Executing VM operation: ParallelGCFailedAllocation
Event: 931.328 Executing VM operation: ParallelGCFailedAllocation done
Event: 931.330 Executing VM operation: ParallelGCFailedAllocation
Event: 932.652 Executing VM operation: ParallelGCFailedAllocation done
Event: 932.652 Executing VM operation: ParallelGCFailedAllocation
Event: 935.353 Executing VM operation: ParallelGCFailedAllocation done
Event: 935.353 Executing VM operation: ParallelGCFailedAllocation

Events (20 events):
Event: 571.434 loading class java/lang/StackStreamFactory$FrameBuffer done
Event: 576.162 loading class java/lang/StackStreamFactory$StackFrameTraverser$StackFrameBuffer done
Event: 863.719 loading class java/lang/Throwable$WrappedPrintWriter
Event: 863.719 loading class java/lang/Throwable$WrappedPrintWriter done
Event: 871.944 loading class java/util/logging/Level$RbAccess
Event: 871.944 loading class java/util/logging/Level$RbAccess done
Event: 876.164 loading class sun/util/logging/resources/logging
Event: 876.164 loading class sun/util/logging/resources/logging done
Event: 886.727 loading class sun/util/logging/resources/logging_en
Event: 886.727 loading class sun/util/logging/resources/logging_en done
Event: 886.727 loading class sun/util/logging/resources/logging_en
Event: 886.727 loading class sun/util/logging/resources/logging_en done
Event: 894.769 loading class sun/util/logging/resources/logging_en_US
Event: 894.769 loading class sun/util/logging/resources/logging_en_US done
Event: 894.769 loading class sun/util/logging/resources/logging_en_US
Event: 894.769 loading class sun/util/logging/resources/logging_en_US done
Event: 897.423 loading class java/util/Formatter$DateTime
Event: 897.423 loading class java/util/Formatter$DateTime done
Event: 903.923 loading class java/time/ZonedDateTime$1
Event: 905.230 loading class java/time/ZonedDateTime$1 done


Dynamic libraries:
e0000000-f5580000 rw-p 00000000 00:00 0 
f5580000-fab00000 rw-p 00000000 00:00 0 
fab00000-100000000 ---p 00000000 00:00 0 
800000000-800449000 rw-p 00001000 00:1592 4611686019135357769            /nix/store/gpxl5qgg8kicmcvivwmybwjlpf7wh20l-graalvm17-ce-22.3.0/lib/server/classes.jsa
800449000-800bc8000 r--p 0044a000 00:1592 4611686019135357769            /nix/store/gpxl5qgg8kicmcvivwmybwjlpf7wh20l-graalvm17-ce-22.3.0/lib/server/classes.jsa
800bc8000-800c00000 ---p 00000000 00:00 0 
800c00000-800c20000 rw-p 00000000 00:00 0 
800c20000-800c40000 rw-p 00000000 00:00 0 
800c40000-800cc0000 rw-p 00000000 00:00 0 
800cc0000-800d00000 rw-p 00000000 00:00 0 
800d00000-800dc0000 rw-p 00000000 00:00 0 
800dc0000-800e00000 rw-p 00000000 00:00 0 
800e00000-800f00000 rw-p 00000000 00:00 0 
800f00000-800f40000 rw-p 00000000 00:00 0 
800f40000-800f80000 rw-p 00000000 00:00 0 
800f80000-801100000 rw-p 00000000 00:00 0 
801100000-8011e0000 rw-p 00000000 00:00 0 
8011e0000-840c00000 ---p 00000000 00:00 0 
55e2ac3ac000-55e2ac3ad000 r-xp 00000000 00:1592 4611686019099417844      /nix/store/gpxl5qgg8kicmcvivwmybwjlpf7wh20l-graalvm17-ce-22.3.0/bin/.java-wrapped
55e2ac3ae000-55e2ac3af000 r--p 00001000 00:1592 4611686019099417844      /nix/store/gpxl5qgg8kicmcvivwmybwjlpf7wh20l-graalvm17-ce-22.3.0/bin/.java-wrapped
55e2ac3af000-55e2ac3b0000 rw-p 00002000 00:1592 4611686019099417844      /nix/store/gpxl5qgg8kicmcvivwmybwjlpf7wh20l-graalvm17-ce-22.3.0/bin/.java-wrapped
55e2ac3b0000-55e2ac3b1000 rw-p 00004000 00:1592 4611686019099417844      /nix/store/gpxl5qgg8kicmcvivwmybwjlpf7wh20l-graalvm17-ce-22.3.0/bin/.java-wrapped
55e2ac3b1000-55e2ac3b2000 rw-p 00005000 00:1592 4611686019099417844      /nix/store/gpxl5qgg8kicmcvivwmybwjlpf7wh20l-graalvm17-ce-22.3.0/bin/.java-wrapped
55e2ad015000-55e2ad05d000 rw-p 00000000 00:00 0                          [heap]
7ffa5c000000-7ffa5c021000 rw-p 00000000 00:00 0 
7ffa5c021000-7ffa60000000 ---p 00000000 00:00 0 
7ffa60000000-7ffa60021000 rw-p 00000000 00:00 0 
7ffa60021000-7ffa64000000 ---p 00000000 00:00 0 
7ffa64000000-7ffa64021000 rw-p 00000000 00:00 0 
7ffa64021000-7ffa68000000 ---p 00000000 00:00 0 
7ffa68000000-7ffa68021000 rw-p 00000000 00:00 0 
7ffa68021000-7ffa6c000000 ---p 00000000 00:00 0 
7ffa6c000000-7ffa6c021000 rw-p 00000000 00:00 0 
7ffa6c021000-7ffa70000000 ---p 00000000 00:00 0 
7ffa724b3000-7ffa7c000000 r--s 00000000 00:1592 4611686019135192581      /nix/store/gpxl5qgg8kicmcvivwmybwjlpf7wh20l-graalvm17-ce-22.3.0/lib/modules
7ffa7c000000-7ffa7c66a000 rw-p 00000000 00:00 0 
7ffa7c66a000-7ffa80000000 ---p 00000000 00:00 0 
7ffa83000000-7ffa83350000 rw-p 00000000 00:00 0 
7ffa83350000-7ffa83800000 ---p 00000000 00:00 0 
7ffa83800000-7ffa83b00000 rw-p 00000000 00:00 0 
7ffa83b00000-7ffa83ba0000 rw-p 00000000 00:00 0 
7ffa83ba0000-7ffa83c00000 ---p 00000000 00:00 0 
7ffa83c00000-7ffa84000000 rw-p 00000000 00:00 0 
7ffa84000000-7ffa8417e000 rw-p 00000000 00:00 0 
7ffa8417e000-7ffa88000000 ---p 00000000 00:00 0 
7ffa88000000-7ffa8802e000 rw-p 00000000 00:00 0 
7ffa8802e000-7ffa8c000000 ---p 00000000 00:00 0 
7ffa8c000000-7ffa8c021000 rw-p 00000000 00:00 0 
7ffa8c021000-7ffa90000000 ---p 00000000 00:00 0 
7ffa90000000-7ffa90107000 rw-p 00000000 00:00 0 
7ffa90107000-7ffa94000000 ---p 00000000 00:00 0 
7ffa94000000-7ffa940a9000 rw-p 00000000 00:00 0 
7ffa940a9000-7ffa98000000 ---p 00000000 00:00 0 
7ffa98000000-7ffa98021000 rw-p 00000000 00:00 0 
7ffa98021000-7ffa9c000000 ---p 00000000 00:00 0 
7ffa9c000000-7ffa9c083000 rw-p 00000000 00:00 0 
7ffa9c083000-7ffaa0000000 ---p 00000000 00:00 0 
7ffaa0000000-7ffaa0322000 rw-p 00000000 00:00 0 
7ffaa0322000-7ffaa4000000 ---p 00000000 00:00 0 
7ffaa4000000-7ffaa4021000 rw-p 00000000 00:00 0 
7ffaa4021000-7ffaa8000000 ---p 00000000 00:00 0 
7ffaa8000000-7ffaa8021000 rw-p 00000000 00:00 0 
7ffaa8021000-7ffaac000000 ---p 00000000 00:00 0 
7ffaac000000-7ffaac021000 rw-p 00000000 00:00 0 
7ffaac021000-7ffab0000000 ---p 00000000 00:00 0 
7ffab1000000-7ffab1300000 rw-p 00000000 00:00 0 
7ffab1300000-7ffab1400000 rw-p 00000000 00:00 0 
7ffab1400000-7ffab1800000 rw-p 00000000 00:00 0 
7ffab1800000-7ffab1900000 rw-p 00000000 00:00 0 
7ffab1900000-7ffab1b00000 rw-p 00000000 00:00 0 
7ffab1b00000-7ffab1d00000 rw-p 00000000 00:00 0 
7ffab1d00000-7ffab1e00000 rw-p 00000000 00:00 0 
7ffab1e00000-7ffab2000000 rw-p 00000000 00:00 0 
7ffab2000000-7ffab2100000 rw-p 00000000 00:00 0 
7ffab2100000-7ffab2200000 rw-p 00000000 00:00 0 
7ffab2200000-7ffab2700000 rw-p 00000000 00:00 0 
7ffab2700000-7ffab2800000 rw-p 00000000 00:00 0 
7ffab2800000-7ffab2900000 rw-p 00000000 00:00 0 
7ffab2900000-7ffab2a00000 rw-p 00000000 00:00 0 
7ffab2a00000-7ffab2d00000 rw-p 00000000 00:00 0 
7ffab2d00000-7ffab2e00000 rw-p 00000000 00:00 0 
7ffab2e00000-7ffab3000000 rw-p 00000000 00:00 0 
7ffab3c00000-7ffab3c10000 r-xp 00000000 00:153e 356                      /home/runner/.cache/jdt-language-server/config/org.eclipse.equinox.launcher/org.eclipse.equinox.launcher.gtk.linux.x86_64_1.2.400.v20211117-0650/eclipse_11600.so
7ffab3c10000-7ffab3e0f000 ---p 00010000 00:153e 356                      /home/runner/.cache/jdt-language-server/config/org.eclipse.equinox.launcher/org.eclipse.equinox.launcher.gtk.linux.x86_64_1.2.400.v20211117-0650/eclipse_11600.so
7ffab3e0f000-7ffab3e10000 r--p 0000f000 00:153e 356                      /home/runner/.cache/jdt-language-server/config/org.eclipse.equinox.launcher/org.eclipse.equinox.launcher.gtk.linux.x86_64_1.2.400.v20211117-0650/eclipse_11600.so
7ffab3e10000-7ffab3e11000 rw-p 00010000 00:153e 356                      /home/runner/.cache/jdt-language-server/config/org.eclipse.equinox.launcher/org.eclipse.equinox.launcher.gtk.linux.x86_64_1.2.400.v20211117-0650/eclipse_11600.so
7ffab4000000-7ffab48bb000 rw-p 00000000 00:00 0 
7ffab48bb000-7ffab8000000 ---p 00000000 00:00 0 
7ffab8000000-7ffab8026000 rw-p 00000000 00:00 0 
7ffab8026000-7ffabc000000 ---p 00000000 00:00 0 
7ffabc000000-7ffabc021000 rw-p 00000000 00:00 0 
7ffabc021000-7ffac0000000 ---p 00000000 00:00 0 
7ffac0000000-7ffac0021000 rw-p 00000000 00:00 0 
7ffac0021000-7ffac4000000 ---p 00000000 00:00 0 
7ffac4000000-7ffac40ad000 rw-p 00000000 00:00 0 
7ffac40ad000-7ffac8000000 ---p 00000000 00:00 0 
7ffac8500000-7ffac8600000 ---p 00000000 00:00 0 
7ffac8600000-7ffac8baf000 r--p 01122000 00:1592 4611686019135190040      /nix/store/gpxl5qgg8kicmcvivwmybwjlpf7wh20l-graalvm17-ce-22.3.0/lib/libjvmcicompiler.so
7ffac8baf000-7ffac8d00000 r--p 00000000 00:00 0 
7ffac8d00000-7ffac8d3d000 rw-p 00000000 00:00 0 
7ffac8d3d000-7ffac925d000 rw-p 0185f000 00:1592 4611686019135190040      /nix/store/gpxl5qgg8kicmcvivwmybwjlpf7wh20l-graalvm17-ce-22.3.0/lib/libjvmcicompiler.so
7ffac925d000-7ffac9644000 r--p 01d7f000 00:1592 4611686019135190040      /nix/store/gpxl5qgg8kicmcvivwmybwjlpf7wh20l-graalvm17-ce-22.3.0/lib/libjvmcicompiler.so
7ffac9700000-7ffac9704000 ---p 00000000 00:00 0 
7ffac9704000-7ffac9800000 rw-p 00000000 00:00 0 
7ffac9a00000-7ffac9a04000 ---p 00000000 00:00 0 
7ffac9a04000-7ffac9b00000 rw-p 00000000 00:00 0 
7ffac9b00000-7ffac9b04000 ---p 00000000 00:00 0 
7ffac9b04000-7ffac9c00000 rw-p 00000000 00:00 0 
7ffac9d00000-7ffac9d04000 ---p 00000000 00:00 0 
7ffac9d04000-7ffac9e00000 rw-p 00000000 00:00 0 
7ffac9f00000-7ffac9f04000 ---p 00000000 00:00 0 
7ffac9f04000-7ffaca000000 rw-p 00000000 00:00 0 
7ffaca100000-7ffaca104000 ---p 00000000 00:00 0 
7ffaca104000-7ffaca200000 rw-p 00000000 00:00 0 
7ffaca300000-7ffaca304000 ---p 00000000 00:00 0 
7ffaca304000-7ffaca400000 rw-p 00000000 00:00 0 
7ffaca500000-7ffaca504000 ---p 00000000 00:00 0 
7ffaca504000-7ffaca600000 rw-p 00000000 00:00 0 
7ffaca700000-7ffaca704000 ---p 00000000 00:00 0 
7ffaca704000-7ffaca800000 rw-p 00000000 00:00 0 
7ffaca900000-7ffaca904000 ---p 00000000 00:00 0 
7ffaca904000-7ffacaa00000 rw-p 00000000 00:00 0 
7ffacaa00000-7ffacaa04000 ---p 00000000 00:00 0 
7ffacaa04000-7ffacab00000 rw-p 00000000 00:00 0 
7ffacab00000-7ffacab04000 ---p 00000000 00:00 0 
7ffacab04000-7ffacac00000 rw-p 00000000 00:00 0 
7ffacad00000-7ffacad04000 ---p 00000000 00:00 0 
7ffacad04000-7ffacae00000 rw-p 00000000 00:00 0 
7ffacba68000-7ffacbf00000 rw-p 00000000 00:00 0 
7ffacc000000-7ffacc021000 rw-p 00000000 00:00 0 
7ffacc021000-7ffad0000000 ---p 00000000 00:00 0 
7ffad0000000-7ffad0021000 rw-p 00000000 00:00 0 
7ffad0021000-7ffad4000000 ---p 00000000 00:00 0 
7ffad4000000-7ffad4021000 rw-p 00000000 00:00 0 
7ffad4021000-7ffad8000000 ---p 00000000 00:00 0 
7ffad8000000-7ffad8021000 rw-p 00000000 00:00 0 
7ffad8021000-7ffadc000000 ---p 00000000 00:00 0 
7ffadc000000-7ffadc0dd000 rw-p 00000000 00:00 0 
7ffadc0dd000-7ffae0000000 ---p 00000000 00:00 0 
7ffae0000000-7ffae0b95000 rw-p 00000000 00:00 0 
7ffae0b95000-7ffae4000000 ---p 00000000 00:00 0 
7ffae4000000-7ffae4021000 rw-p 00000000 00:00 0 
7ffae4021000-7ffae8000000 ---p 00000000 00:00 0 
7ffae8000000-7ffae8021000 rw-p 00000000 00:00 0 
7ffae8021000-7ffaec000000 ---p 00000000 00:00 0 
7ffaec000000-7ffaec021000 rw-p 00000000 00:00 0 
7ffaec021000-7ffaf0000000 ---p 00000000 00:00 0 
7ffaf0000000-7ffaf0021000 rw-p 00000000 00:00 0 
7ffaf0021000-7ffaf4000000 ---p 00000000 00:00 0 
7ffaf4000000-7ffaf4021000 rw-p 00000000 00:00 0 
7ffaf4021000-7ffaf8000000 ---p 00000000 00:00 0 
7ffaf8000000-7ffaf8021000 rw-p 00000000 00:00 0 
7ffaf8021000-7ffafc000000 ---p 00000000 00:00 0 
7ffafc000000-7ffafc071000 rw-p 00000000 00:00 0 
7ffafc071000-7ffb00000000 ---p 00000000 00:00 0 
7ffb00100000-7ffb00104000 ---p 00000000 00:00 0 
7ffb00104000-7ffb00200000 rw-p 00000000 00:00 0 
7ffb00300000-7ffb00304000 ---p 00000000 00:00 0 
7ffb00304000-7ffb00400000 rw-p 00000000 00:00 0 
7ffb00400000-7ffb00404000 ---p 00000000 00:00 0 
7ffb00404000-7ffb00500000 rw-p 00000000 00:00 0 
7ffb00500000-7ffb00504000 ---p 00000000 00:00 0 
7ffb00504000-7ffb00600000 rw-p 00000000 00:00 0 
7ffb00700000-7ffb00704000 ---p 00000000 00:00 0 
7ffb00704000-7ffb00800000 rw-p 00000000 00:00 0 
7ffb00900000-7ffb00904000 ---p 00000000 00:00 0 
7ffb00904000-7ffb00a00000 rw-p 00000000 00:00 0 
7ffb00a00000-7ffb00a04000 ---p 00000000 00:00 0 
7ffb00a04000-7ffb00b00000 rw-p 00000000 00:00 0 
7ffb00b00000-7ffb00b04000 ---p 00000000 00:00 0 
7ffb00b04000-7ffb00c00000 rw-p 00000000 00:00 0 
7ffb00c00000-7ffb02d6a000 r-xp 00000000 00:1592 4611686019135190040      /nix/store/gpxl5qgg8kicmcvivwmybwjlpf7wh20l-graalvm17-ce-22.3.0/lib/libjvmcicompiler.so
7ffb02d6a000-7ffb02f69000 ---p 0216a000 00:1592 4611686019135190040      /nix/store/gpxl5qgg8kicmcvivwmybwjlpf7wh20l-graalvm17-ce-22.3.0/lib/libjvmcicompiler.so
7ffb02f69000-7ffb02f6a000 r--p 02169000 00:1592 4611686019135190040      /nix/store/gpxl5qgg8kicmcvivwmybwjlpf7wh20l-graalvm17-ce-22.3.0/lib/libjvmcicompiler.so
7ffb02f6a000-7ffb02f6c000 rw-p 0216a000 00:1592 4611686019135190040      /nix/store/gpxl5qgg8kicmcvivwmybwjlpf7wh20l-graalvm17-ce-22.3.0/lib/libjvmcicompiler.so
7ffb02f6c000-7ffb02f6d000 rw-p 00000000 00:00 0 
7ffb02f6d000-7ffb02f72000 rw-p 023c3000 00:1592 4611686019135190040      /nix/store/gpxl5qgg8kicmcvivwmybwjlpf7wh20l-graalvm17-ce-22.3.0/lib/libjvmcicompiler.so
7ffb02f74000-7ffb02f78000 ---p 00000000 00:00 0 
7ffb02f78000-7ffb02f96000 rw-p 00000000 00:00 0 
7ffb02f96000-7ffb02fab000 r-xp 00000000 00:1592 4611686019135192570      /nix/store/gpxl5qgg8kicmcvivwmybwjlpf7wh20l-graalvm17-ce-22.3.0/lib/libnet.so
7ffb02fab000-7ffb02fac000 ---p 00015000 00:1592 4611686019135192570      /nix/store/gpxl5qgg8kicmcvivwmybwjlpf7wh20l-graalvm17-ce-22.3.0/lib/libnet.so
7ffb02fac000-7ffb02fad000 r--p 00015000 00:1592 4611686019135192570      /nix/store/gpxl5qgg8kicmcvivwmybwjlpf7wh20l-graalvm17-ce-22.3.0/lib/libnet.so
7ffb02fad000-7ffb02fae000 rw-p 00016000 00:1592 4611686019135192570      /nix/store/gpxl5qgg8kicmcvivwmybwjlpf7wh20l-graalvm17-ce-22.3.0/lib/libnet.so
7ffb02fae000-7ffb02fb1000 rw-p 0001b000 00:1592 4611686019135192570      /nix/store/gpxl5qgg8kicmcvivwmybwjlpf7wh20l-graalvm17-ce-22.3.0/lib/libnet.so
7ffb02fb1000-7ffb02fb2000 ---p 00000000 00:00 0 
7ffb02fb2000-7ffb030b3000 rw-p 00000000 00:00 0 
7ffb030b3000-7ffb030b7000 ---p 00000000 00:00 0 
7ffb030b7000-7ffb031b3000 rw-p 00000000 00:00 0 
7ffb031b3000-7ffb031b7000 ---p 00000000 00:00 0 
7ffb031b7000-7ffb032b3000 rw-p 00000000 00:00 0 
7ffb032b3000-7ffb032b7000 ---p 00000000 00:00 0 
7ffb032b7000-7ffb034b3000 rw-p 00000000 00:00 0 
7ffb034b3000-7ffb03723000 rwxp 00000000 00:00 0 
7ffb03723000-7ffb03a42000 ---p 00000000 00:00 0 
7ffb03a42000-7ffb049a2000 rwxp 00000000 00:00 0 
7ffb049a2000-7ffb0af7a000 ---p 00000000 00:00 0 
7ffb0af7a000-7ffb0b23a000 rwxp 00000000 00:00 0 
7ffb0b23a000-7ffb124b3000 ---p 00000000 00:00 0 
7ffb124b3000-7ffb1c000000 r--s 00000000 00:1592 4611686019135192581      /nix/store/gpxl5qgg8kicmcvivwmybwjlpf7wh20l-graalvm17-ce-22.3.0/lib/modules
7ffb1c000000-7ffb1c63a000 rw-p 00000000 00:00 0 
7ffb1c63a000-7ffb20000000 ---p 00000000 00:00 0 
7ffb20007000-7ffb20009000 r-xp 00000000 00:1592 4611686019135190017      /nix/store/gpxl5qgg8kicmcvivwmybwjlpf7wh20l-graalvm17-ce-22.3.0/lib/libextnet.so
7ffb20009000-7ffb2000a000 r--p 00001000 00:1592 4611686019135190017      /nix/store/gpxl5qgg8kicmcvivwmybwjlpf7wh20l-graalvm17-ce-22.3.0/lib/libextnet.so
7ffb2000a000-7ffb2000b000 rw-p 00002000 00:1592 4611686019135190017      /nix/store/gpxl5qgg8kicmcvivwmybwjlpf7wh20l-graalvm17-ce-22.3.0/lib/libextnet.so
7ffb2000b000-7ffb2000c000 rw-p 00004000 00:1592 4611686019135190017      /nix/store/gpxl5qgg8kicmcvivwmybwjlpf7wh20l-graalvm17-ce-22.3.0/lib/libextnet.so
7ffb2000c000-7ffb20013000 r-xp 00000000 00:1592 4611686019135192580      /nix/store/gpxl5qgg8kicmcvivwmybwjlpf7wh20l-graalvm17-ce-22.3.0/lib/libzip.so
7ffb20013000-7ffb20014000 ---p 00007000 00:1592 4611686019135192580      /nix/store/gpxl5qgg8kicmcvivwmybwjlpf7wh20l-graalvm17-ce-22.3.0/lib/libzip.so
7ffb20014000-7ffb20015000 r--p 00007000 00:1592 4611686019135192580      /nix/store/gpxl5qgg8kicmcvivwmybwjlpf7wh20l-graalvm17-ce-22.3.0/lib/libzip.so
7ffb20015000-7ffb20016000 rw-p 00008000 00:1592 4611686019135192580      /nix/store/gpxl5qgg8kicmcvivwmybwjlpf7wh20l-graalvm17-ce-22.3.0/lib/libzip.so
7ffb20016000-7ffb20018000 rw-p 0000b000 00:1592 4611686019135192580      /nix/store/gpxl5qgg8kicmcvivwmybwjlpf7wh20l-graalvm17-ce-22.3.0/lib/libzip.so
7ffb20018000-7ffb2001c000 ---p 00000000 00:00 0 
7ffb2001c000-7ffb20118000 rw-p 00000000 00:00 0 
7ffb20118000-7ffb2011c000 ---p 00000000 00:00 0 
7ffb2011c000-7ffb20318000 rw-p 00000000 00:00 0 
7ffb20318000-7ffb2031c000 ---p 00000000 00:00 0 
7ffb2031c000-7ffb20418000 rw-p 00000000 00:00 0 
7ffb20418000-7ffb2041c000 ---p 00000000 00:00 0 
7ffb2041c000-7ffb20518000 rw-p 00000000 00:00 0 
7ffb20518000-7ffb2051c000 ---p 00000000 00:00 0 
7ffb2051c000-7ffb20618000 rw-p 00000000 00:00 0 
7ffb20618000-7ffb208fe000 r--p 00000000 00:152e 28444448                 /usr/lib/locale/locale-archive
7ffb208fe000-7ffb20902000 ---p 00000000 00:00 0 
7ffb20902000-7ffb209fe000 rw-p 00000000 00:00 0 
7ffb209fe000-7ffb20a02000 ---p 00000000 00:00 0 
7ffb20a02000-7ffb20afe000 rw-p 00000000 00:00 0 
7ffb20afe000-7ffb20aff000 ---p 00000000 00:00 0 
7ffb20aff000-7ffb21000000 rw-p 00000000 00:00 0 
7ffb21000000-7ffb21300000 rw-p 00000000 00:00 0 
7ffb21300000-7ffb21400000 rw-p 00000000 00:00 0 
7ffb21404000-7ffb21417000 r-xp 00000000 00:1592 4611686019135192571      /nix/store/gpxl5qgg8kicmcvivwmybwjlpf7wh20l-graalvm17-ce-22.3.0/lib/libnio.so
7ffb21417000-7ffb21418000 r--p 00012000 00:1592 4611686019135192571      /nix/store/gpxl5qgg8kicmcvivwmybwjlpf7wh20l-graalvm17-ce-22.3.0/lib/libnio.so
7ffb21418000-7ffb21419000 rw-p 00013000 00:1592 4611686019135192571      /nix/store/gpxl5qgg8kicmcvivwmybwjlpf7wh20l-graalvm17-ce-22.3.0/lib/libnio.so
7ffb21419000-7ffb2141e000 rw-p 00019000 00:1592 4611686019135192571      /nix/store/gpxl5qgg8kicmcvivwmybwjlpf7wh20l-graalvm17-ce-22.3.0/lib/libnio.so
7ffb2141e000-7ffb214ec000 r-xp 00000000 00:1592 4611686019135190036      /nix/store/gpxl5qgg8kicmcvivwmybwjlpf7wh20l-graalvm17-ce-22.3.0/lib/libjsvml.so
7ffb214ec000-7ffb214ed000 r--p 000cd000 00:1592 4611686019135190036      /nix/store/gpxl5qgg8kicmcvivwmybwjlpf7wh20l-graalvm17-ce-22.3.0/lib/libjsvml.so
7ffb214ed000-7ffb214ee000 rw-p 000ce000 00:1592 4611686019135190036      /nix/store/gpxl5qgg8kicmcvivwmybwjlpf7wh20l-graalvm17-ce-22.3.0/lib/libjsvml.so
7ffb214ee000-7ffb22dc6000 rw-p 00000000 00:00 0 
7ffb22dc6000-7ffb22dc7000 ---p 00000000 00:00 0 
7ffb22dc7000-7ffb22f72000 rw-p 00000000 00:00 0 
7ffb22f72000-7ffb22f9e000 rw-p 00000000 00:00 0 
7ffb22f9e000-7ffb22fc8000 ---p 00000000 00:00 0 
7ffb22fc8000-7ffb22fcf000 rw-p 00000000 00:00 0 
7ffb22fcf000-7ffb230b4000 ---p 00000000 00:00 0 
7ffb230b4000-7ffb230d3000 rw-p 00000000 00:00 0 
7ffb230d3000-7ffb2319f000 ---p 00000000 00:00 0 
7ffb2319f000-7ffb231a4000 rw-p 00000000 00:00 0 
7ffb231a4000-7ffb231ab000 ---p 00000000 00:00 0 
7ffb231ab000-7ffb231cf000 r-xp 00000000 00:1592 4611686019135190028      /nix/store/gpxl5qgg8kicmcvivwmybwjlpf7wh20l-graalvm17-ce-22.3.0/lib/libjava.so
7ffb231cf000-7ffb231d0000 ---p 00024000 00:1592 4611686019135190028      /nix/store/gpxl5qgg8kicmcvivwmybwjlpf7wh20l-graalvm17-ce-22.3.0/lib/libjava.so
7ffb231d0000-7ffb231d1000 r--p 00024000 00:1592 4611686019135190028      /nix/store/gpxl5qgg8kicmcvivwmybwjlpf7wh20l-graalvm17-ce-22.3.0/lib/libjava.so
7ffb231d1000-7ffb231d2000 rw-p 00025000 00:1592 4611686019135190028      /nix/store/gpxl5qgg8kicmcvivwmybwjlpf7wh20l-graalvm17-ce-22.3.0/lib/libjava.so
7ffb231d2000-7ffb231d3000 rw-p 00000000 00:00 0 
7ffb231d3000-7ffb231da000 rw-p 0002f000 00:1592 4611686019135190028      /nix/store/gpxl5qgg8kicmcvivwmybwjlpf7wh20l-graalvm17-ce-22.3.0/lib/libjava.so
7ffb231da000-7ffb231e2000 rw-s 00000000 00:bf 353                        /tmp/hsperfdata_runner/21
7ffb231e2000-7ffb231e3000 ---p 00000000 00:00 0 
7ffb231e3000-7ffb231e4000 r--p 00000000 00:00 0 
7ffb231e4000-7ffb231e5000 rwxp 00000000 00:00 0 
7ffb231e5000-7ffb23200000 r-xp 00000000 00:1592 4611686019135190032      /nix/store/gpxl5qgg8kicmcvivwmybwjlpf7wh20l-graalvm17-ce-22.3.0/lib/libjimage.so
7ffb23200000-7ffb23201000 ---p 0001b000 00:1592 4611686019135190032      /nix/store/gpxl5qgg8kicmcvivwmybwjlpf7wh20l-graalvm17-ce-22.3.0/lib/libjimage.so
7ffb23201000-7ffb23203000 r--p 0001b000 00:1592 4611686019135190032      /nix/store/gpxl5qgg8kicmcvivwmybwjlpf7wh20l-graalvm17-ce-22.3.0/lib/libjimage.so
7ffb23203000-7ffb23204000 rw-p 0001d000 00:1592 4611686019135190032      /nix/store/gpxl5qgg8kicmcvivwmybwjlpf7wh20l-graalvm17-ce-22.3.0/lib/libjimage.so
7ffb23204000-7ffb23205000 rw-p 00024000 00:1592 4611686019135190032      /nix/store/gpxl5qgg8kicmcvivwmybwjlpf7wh20l-graalvm17-ce-22.3.0/lib/libjimage.so
7ffb23205000-7ffb23209000 ---p 00000000 00:00 0 
7ffb23209000-7ffb23305000 rw-p 00000000 00:00 0 
7ffb23305000-7ffb23313000 r--p 00000000 00:1592 4611686019027979927      /nix/store/4nlgxhb09sdr51nc9hdm8az5b08vzkgx-glibc-2.35-163/lib/libm.so.6
7ffb23313000-7ffb23386000 r-xp 0000e000 00:1592 4611686019027979927      /nix/store/4nlgxhb09sdr51nc9hdm8az5b08vzkgx-glibc-2.35-163/lib/libm.so.6
7ffb23386000-7ffb233e3000 r--p 00081000 00:1592 4611686019027979927      /nix/store/4nlgxhb09sdr51nc9hdm8az5b08vzkgx-glibc-2.35-163/lib/libm.so.6
7ffb233e3000-7ffb233e4000 r--p 000dd000 00:1592 4611686019027979927      /nix/store/4nlgxhb09sdr51nc9hdm8az5b08vzkgx-glibc-2.35-163/lib/libm.so.6
7ffb233e4000-7ffb233e5000 rw-p 000de000 00:1592 4611686019027979927      /nix/store/4nlgxhb09sdr51nc9hdm8az5b08vzkgx-glibc-2.35-163/lib/libm.so.6
7ffb233e5000-7ffb233e6000 r--p 00000000 00:1592 4611686019027979946      /nix/store/4nlgxhb09sdr51nc9hdm8az5b08vzkgx-glibc-2.35-163/lib/librt.so.1
7ffb233e6000-7ffb233e7000 r-xp 00001000 00:1592 4611686019027979946      /nix/store/4nlgxhb09sdr51nc9hdm8az5b08vzkgx-glibc-2.35-163/lib/librt.so.1
7ffb233e7000-7ffb233e8000 r--p 00002000 00:1592 4611686019027979946      /nix/store/4nlgxhb09sdr51nc9hdm8az5b08vzkgx-glibc-2.35-163/lib/librt.so.1
7ffb233e8000-7ffb233e9000 r--p 00002000 00:1592 4611686019027979946      /nix/store/4nlgxhb09sdr51nc9hdm8az5b08vzkgx-glibc-2.35-163/lib/librt.so.1
7ffb233e9000-7ffb233ea000 rw-p 00003000 00:1592 4611686019027979946      /nix/store/4nlgxhb09sdr51nc9hdm8az5b08vzkgx-glibc-2.35-163/lib/librt.so.1
7ffb233ea000-7ffb244fd000 r-xp 00000000 00:1592 4611686019135360866      /nix/store/gpxl5qgg8kicmcvivwmybwjlpf7wh20l-graalvm17-ce-22.3.0/lib/server/libjvm.so
7ffb244fd000-7ffb244fe000 ---p 01113000 00:1592 4611686019135360866      /nix/store/gpxl5qgg8kicmcvivwmybwjlpf7wh20l-graalvm17-ce-22.3.0/lib/server/libjvm.so
7ffb244fe000-7ffb245b3000 r--p 01113000 00:1592 4611686019135360866      /nix/store/gpxl5qgg8kicmcvivwmybwjlpf7wh20l-graalvm17-ce-22.3.0/lib/server/libjvm.so
7ffb245b3000-7ffb245e7000 rw-p 011c8000 00:1592 4611686019135360866      /nix/store/gpxl5qgg8kicmcvivwmybwjlpf7wh20l-graalvm17-ce-22.3.0/lib/server/libjvm.so
7ffb245e7000-7ffb24643000 rw-p 00000000 00:00 0 
7ffb24643000-7ffb2466b000 r--p 00000000 00:1592 4611686019027979918      /nix/store/4nlgxhb09sdr51nc9hdm8az5b08vzkgx-glibc-2.35-163/lib/libc.so.6
7ffb2466b000-7ffb247e1000 r-xp 00028000 00:1592 4611686019027979918      /nix/store/4nlgxhb09sdr51nc9hdm8az5b08vzkgx-glibc-2.35-163/lib/libc.so.6
7ffb247e1000-7ffb24839000 r--p 0019e000 00:1592 4611686019027979918      /nix/store/4nlgxhb09sdr51nc9hdm8az5b08vzkgx-glibc-2.35-163/lib/libc.so.6
7ffb24839000-7ffb2483d000 r--p 001f6000 00:1592 4611686019027979918      /nix/store/4nlgxhb09sdr51nc9hdm8az5b08vzkgx-glibc-2.35-163/lib/libc.so.6
7ffb2483d000-7ffb2483f000 rw-p 001fa000 00:1592 4611686019027979918      /nix/store/4nlgxhb09sdr51nc9hdm8az5b08vzkgx-glibc-2.35-163/lib/libc.so.6
7ffb2483f000-7ffb2484e000 rw-p 00000000 00:00 0 
7ffb2484e000-7ffb2484f000 r--p 00000000 00:1592 4611686019027979923      /nix/store/4nlgxhb09sdr51nc9hdm8az5b08vzkgx-glibc-2.35-163/lib/libdl.so.2
7ffb2484f000-7ffb24850000 r-xp 00001000 00:1592 4611686019027979923      /nix/store/4nlgxhb09sdr51nc9hdm8az5b08vzkgx-glibc-2.35-163/lib/libdl.so.2
7ffb24850000-7ffb24851000 r--p 00002000 00:1592 4611686019027979923      /nix/store/4nlgxhb09sdr51nc9hdm8az5b08vzkgx-glibc-2.35-163/lib/libdl.so.2
7ffb24851000-7ffb24852000 r--p 00002000 00:1592 4611686019027979923      /nix/store/4nlgxhb09sdr51nc9hdm8az5b08vzkgx-glibc-2.35-163/lib/libdl.so.2
7ffb24852000-7ffb24853000 rw-p 00003000 00:1592 4611686019027979923      /nix/store/4nlgxhb09sdr51nc9hdm8az5b08vzkgx-glibc-2.35-163/lib/libdl.so.2
7ffb24853000-7ffb24854000 r--p 00000000 00:1592 4611686019027979942      /nix/store/4nlgxhb09sdr51nc9hdm8az5b08vzkgx-glibc-2.35-163/lib/libpthread.so.0
7ffb24854000-7ffb24855000 r-xp 00001000 00:1592 4611686019027979942      /nix/store/4nlgxhb09sdr51nc9hdm8az5b08vzkgx-glibc-2.35-163/lib/libpthread.so.0
7ffb24855000-7ffb24856000 r--p 00002000 00:1592 4611686019027979942      /nix/store/4nlgxhb09sdr51nc9hdm8az5b08vzkgx-glibc-2.35-163/lib/libpthread.so.0
7ffb24856000-7ffb24857000 r--p 00002000 00:1592 4611686019027979942      /nix/store/4nlgxhb09sdr51nc9hdm8az5b08vzkgx-glibc-2.35-163/lib/libpthread.so.0
7ffb24857000-7ffb24858000 rw-p 00003000 00:1592 4611686019027979942      /nix/store/4nlgxhb09sdr51nc9hdm8az5b08vzkgx-glibc-2.35-163/lib/libpthread.so.0
7ffb24858000-7ffb24866000 r-xp 00000000 00:1592 4611686019135190033      /nix/store/gpxl5qgg8kicmcvivwmybwjlpf7wh20l-graalvm17-ce-22.3.0/lib/libjli.so
7ffb24866000-7ffb24867000 ---p 0000e000 00:1592 4611686019135190033      /nix/store/gpxl5qgg8kicmcvivwmybwjlpf7wh20l-graalvm17-ce-22.3.0/lib/libjli.so
7ffb24867000-7ffb24868000 r--p 0000e000 00:1592 4611686019135190033      /nix/store/gpxl5qgg8kicmcvivwmybwjlpf7wh20l-graalvm17-ce-22.3.0/lib/libjli.so
7ffb24868000-7ffb24869000 rw-p 0000f000 00:1592 4611686019135190033      /nix/store/gpxl5qgg8kicmcvivwmybwjlpf7wh20l-graalvm17-ce-22.3.0/lib/libjli.so
7ffb24869000-7ffb2486a000 rw-p 00012000 00:1592 4611686019135190033      /nix/store/gpxl5qgg8kicmcvivwmybwjlpf7wh20l-graalvm17-ce-22.3.0/lib/libjli.so
7ffb2486a000-7ffb2486d000 r--p 00000000 00:1592 4611686019106210071      /nix/store/026hln0aq1hyshaxsdvhg0kmcm6yf45r-zlib-1.2.13/lib/libz.so.1.2.13
7ffb2486d000-7ffb2487f000 r-xp 00003000 00:1592 4611686019106210071      /nix/store/026hln0aq1hyshaxsdvhg0kmcm6yf45r-zlib-1.2.13/lib/libz.so.1.2.13
7ffb2487f000-7ffb24886000 r--p 00015000 00:1592 4611686019106210071      /nix/store/026hln0aq1hyshaxsdvhg0kmcm6yf45r-zlib-1.2.13/lib/libz.so.1.2.13
7ffb24886000-7ffb24887000 r--p 0001b000 00:1592 4611686019106210071      /nix/store/026hln0aq1hyshaxsdvhg0kmcm6yf45r-zlib-1.2.13/lib/libz.so.1.2.13
7ffb24887000-7ffb24888000 rw-p 0001c000 00:1592 4611686019106210071      /nix/store/026hln0aq1hyshaxsdvhg0kmcm6yf45r-zlib-1.2.13/lib/libz.so.1.2.13
7ffb24888000-7ffb2488a000 rw-p 00000000 00:00 0 
7ffb2488a000-7ffb2488c000 r--p 00000000 00:1592 4611686019027979912      /nix/store/4nlgxhb09sdr51nc9hdm8az5b08vzkgx-glibc-2.35-163/lib/ld-linux-x86-64.so.2
7ffb2488c000-7ffb248b3000 r-xp 00002000 00:1592 4611686019027979912      /nix/store/4nlgxhb09sdr51nc9hdm8az5b08vzkgx-glibc-2.35-163/lib/ld-linux-x86-64.so.2
7ffb248b3000-7ffb248bf000 r--p 00029000 00:1592 4611686019027979912      /nix/store/4nlgxhb09sdr51nc9hdm8az5b08vzkgx-glibc-2.35-163/lib/ld-linux-x86-64.so.2
7ffb248bf000-7ffb248c1000 r--p 00034000 00:1592 4611686019027979912      /nix/store/4nlgxhb09sdr51nc9hdm8az5b08vzkgx-glibc-2.35-163/lib/ld-linux-x86-64.so.2
7ffb248c1000-7ffb248c3000 rw-p 00036000 00:1592 4611686019027979912      /nix/store/4nlgxhb09sdr51nc9hdm8az5b08vzkgx-glibc-2.35-163/lib/ld-linux-x86-64.so.2
7ffe83c69000-7ffe83c8e000 rw-p 00000000 00:00 0                          [stack]
7ffe83d59000-7ffe83d5d000 r--p 00000000 00:00 0                          [vvar]
7ffe83d5d000-7ffe83d5f000 r-xp 00000000 00:00 0                          [vdso]
ffffffffff600000-ffffffffff601000 --xp 00000000 00:00 0                  [vsyscall]


VM Arguments:
jvm_args: -XX:ThreadPriorityPolicy=1 -XX:+UnlockExperimentalVMOptions -XX:+EnableJVMCIProduct -XX:JVMCIThreadsPerNativeLibraryRuntime=1 -XX:-UnlockExperimentalVMOptions -Declipse.application=org.eclipse.jdt.ls.core.id1 -Dosgi.bundles.defaultStartLevel=4 -Declipse.product=org.eclipse.jdt.ls.core.product -Dlog.level=ALL -Xverify:none -XX:+UseParallelGC -XX:GCTimeRatio=4 -XX:AdaptiveSizePolicyWeight=90 -Dsun.zip.disableMemoryMapping=true -Xmx512m -Xms100m 
java_command: /nix/store/m6gcpi1ii6rghy04cjwjddcavv7i90df-jdt-language-server-1.9.0/share/java/plugins/org.eclipse.equinox.launcher_1.6.400.v20210924-0641.jar --add-modules=ALL-SYSTEM --add-opens java.base/java.util=ALL-UNNAMED --add-opens java.base/java.lang=ALL-UNNAMED -configuration /home/runner/.cache/jdt-language-server/config -data /home/runner/.cache/jdt-language-server/data/home/runner/Master-the-Coding-Interview-Data-Structures-Algorithms
java_class_path (initial): /nix/store/m6gcpi1ii6rghy04cjwjddcavv7i90df-jdt-language-server-1.9.0/share/java/plugins/org.eclipse.equinox.launcher_1.6.400.v20210924-0641.jar
Launcher Type: SUN_STANDARD

[Global flags]
    uintx AdaptiveSizePolicyWeight                 = 90                                        {product} {command line}
     intx CICompilerCount                          = 2                                         {product} {ergonomic}
     bool EnableJVMCIProduct                       = true                                {JVMCI product} {jimage}
    uintx GCTimeRatio                              = 4                                         {product} {command line}
   size_t InitialHeapSize                          = 104857600                                 {product} {command line}
     uint JVMCIThreadsPerNativeLibraryRuntime      = 1                                   {JVMCI product} {jimage}
   size_t MaxHeapSize                              = 536870912                                 {product} {command line}
   size_t MaxNewSize                               = 178782208                                 {product} {ergonomic}
   size_t MinHeapDeltaBytes                        = 524288                                    {product} {ergonomic}
   size_t MinHeapSize                              = 104857600                                 {product} {command line}
   size_t NewSize                                  = 34603008                                  {product} {ergonomic}
    uintx NonNMethodCodeHeapSize                   = 5826188                                {pd product} {ergonomic}
    uintx NonProfiledCodeHeapSize                  = 122916026                              {pd product} {ergonomic}
   size_t OldSize                                  = 70254592                                  {product} {ergonomic}
    uintx ProfiledCodeHeapSize                     = 122916026                              {pd product} {ergonomic}
    uintx ReservedCodeCacheSize                    = 251658240                              {pd product} {ergonomic}
     bool SegmentedCodeCache                       = true                                      {product} {ergonomic}
   size_t SoftMaxHeapSize                          = 536870912                              {manageable} {ergonomic}
     intx ThreadPriorityPolicy                     = 1                                         {product} {jimage}
     bool UseCompressedClassPointers               = true                           {product lp64_product} {ergonomic}
     bool UseCompressedOops                        = true                           {product lp64_product} {ergonomic}
     bool UseParallelGC                            = true                                      {product} {command line}

Logging:
Log output configuration:
 #0: stdout all=warning uptime,level,tags
 #1: stderr all=off uptime,level,tags

Environment Variables:
JAVA_HOME=/nix/store/gpxl5qgg8kicmcvivwmybwjlpf7wh20l-graalvm17-ce-22.3.0
PATH=/nix/store/1d6ian3r8kdzspw8hacjhl3xkp40g1lj-binutils-wrapper-2.39/bin:/nix/store/dq0xwmsk1g0i2ayg6pb7y87na2knzylh-gcc-wrapper-11.3.0/bin:/nix/store/bap4d0lpcrhpwmpb8ayjcgkmvfj62lnq-bash-interactive-5.1-p16/bin:/nix/store/pr5n59mb4jzmfx6kanwxly0l07p861fg-patchelf-0.15.0/bin:/nix/store/1gf2flfqnpqbr1b4p4qz2f72y42bs56r-gcc-11.3.0/bin:/nix/store/57xv61c5zi8pphjbcwxxjlgc34p61ic9-glibc-2.35-163-bin/bin:/nix/store/a7gvj343m05j2s32xcnwr35v31ynlypr-coreutils-9.1/bin:/nix/store/039g378vc3pc3dvi9dzdlrd0i4q93qwf-binutils-2.39/bin:/nix/store/gpxl5qgg8kicmcvivwmybwjlpf7wh20l-graalvm17-ce-22.3.0/bin:/nix/store/6z9ag3ihc8mq2hzsw48lhbznvzny65nz-apache-maven-3.8.6/bin:/nix/store/m6gcpi1ii6rghy04cjwjddcavv7i90df-jdt-language-server-1.9.0/bin:/nix/store/84xs5alhs01zrbr4ywm05kxbjbp5590l-java-debug/bin:/nix/store/mydc6f4k2z73xlcz7ilif3v2lcaiqvza-findutils-4.9.0/bin:/nix/store/j9p3g8472iijd50vhdprx0nmk2fqn5gv-diffutils-3.8/bin:/nix/store/89zs7rms6x00xfq4dq6m7mjnhkr8a6r4-gnused-4.8/bin:/nix/store/86bp03jkmsl6f92w0yzg4s59g5mhxwmy-gnugrep-3.7/bin:/nix/store/hwcdqw4jrjnd37wxqgsd47hd0j8bnj09-gawk-5.1.1/bin:/nix/store/cfbhw8r8ags41vwqaz47r583d0p4h4a1-gnutar-1.34/bin:/nix/store/p3m1ndl1lapwrlh698bnb5lvvxh67378-gzip-1.12/bin:/nix/store/a8mhcagrsly7c7mpjrpsnaahk4aax056-bzip2-1.0.8-bin/bin:/nix/store/mblgz65m3zv9x548a3d5m96fj2pbwr09-gnumake-4.3/bin:/nix/store/dsd5gz46hdbdk2rfdimqddhq6m8m8fqs-bash-5.1-p16/bin:/nix/store/v7ljksji50mg3w61dykaa3n3y79n6nil-patch-2.7.6/bin:/nix/store/zlcnmqq14jz5x9439jf937mvayyl63da-xz-5.2.7-bin/bin:/nix/store/y6aj732zm9m87c82fpvf103a1xb22blp-file-5.43/bin:/nix/store/i4kzir3m7mrisxmf5xvlnkw01x4qaqr4-prybar-elisp-0.0.0-e0d9a52/bin:/nix/store/lwwivxf6h7x3cvxp9zv8sj0mv7dak99r-prybar-lua-0.0.0-e0d9a52/bin:/nix/store/gxj28g1cg4hq3qanmjv07156h800qr58-prybar-python3-0.0.0-e0d9a52/bin:/nix/store/hshkjnxrgidigf8x75vg6lqng2xlx9i3-prybar-sqlite-0.0.0-e0d9a52/bin:/nix/store/c4w01bpjgyy5ixmwdk8m1pw87zq4sl26-prybar-tcl-0.0.0-e0d9a52/bin:/nix/store/hpbvrlwd5viqmvcaisb3x0118i913a9n-st
LD_LIBRARY_PATH=/nix/store/a4pff549sk2idnkpzk5nsfps3mdkdnvm-cups-2.4.2-lib/lib:/nix/store/72mqxxhh3cy5yifh92wh2yb8cl2hikyy-cairo-1.16.0/lib:/nix/store/2k366jrbsra97gjfxwvrhvixjfxdach5-glib-2.74.1/lib:/nix/store/2j2znigd8ak37rlwh9khz0ry3clqlw1l-gtk+3-3.24.34/lib:/nix/store/hisqvx32cd57apbpcsnkpx6k3549wql1-libglvnd-1.4.0/lib:/nix/store/p36pgcv991mq5srvg765b78yqpxvk3qs-mesa-21.3.3-drivers/lib:/nix/store/mav4251if1ahjq5vkpwycyyvnmy459c4-pulseaudio-14.2/lib
DISPLAY=:0
LANG=en_US.UTF-8

Signal Handlers:
   SIGSEGV: crash_handler in libjvm.so, mask=11100100010111111101111111111110, flags=SA_RESTART|SA_SIGINFO
    SIGBUS: crash_handler in libjvm.so, mask=11100100010111111101111111111110, flags=SA_RESTART|SA_SIGINFO
    SIGFPE: crash_handler in libjvm.so, mask=11100100010111111101111111111110, flags=SA_RESTART|SA_SIGINFO
   SIGPIPE: IsolateEnterStub_IgnoreSIGPIPEStartupHook_noopSignalHandler_8f19bff2f35b5f630d83b364d6b2339320d4ec70_216e8361c6bc87a8f89f58cc10d3b2fd4415bf87 in libjvmcicompiler.so, mask=00000000000000000000000000000000, flags=SA_RESTART
  *** Handler was modified!
  *** Expected: javaSignalHandler in libjvm.so, mask=11100100110111111111111111111110, flags=SA_RESTART|SA_SIGINFO
   SIGXFSZ: javaSignalHandler in libjvm.so, mask=11100100010111111101111111111110, flags=SA_RESTART|SA_SIGINFO
    SIGILL: crash_handler in libjvm.so, mask=11100100010111111101111111111110, flags=SA_RESTART|SA_SIGINFO
   SIGUSR2: SR_handler in libjvm.so, mask=00000000000000000000000000000000, flags=SA_RESTART|SA_SIGINFO
    SIGHUP: UserHandler in libjvm.so, mask=11100100010111111101111111111110, flags=SA_RESTART|SA_SIGINFO
    SIGINT: UserHandler in libjvm.so, mask=11100100010111111101111111111110, flags=SA_RESTART|SA_SIGINFO
   SIGTERM: UserHandler in libjvm.so, mask=11100100010111111101111111111110, flags=SA_RESTART|SA_SIGINFO
   SIGQUIT: UserHandler in libjvm.so, mask=11100100010111111101111111111110, flags=SA_RESTART|SA_SIGINFO
  *** Handler was modified!
  *** Expected: javaSignalHandler in libjvm.so, mask=11100100110111111111111111111110, flags=SA_RESTART|SA_SIGINFO
   SIGTRAP: crash_handler in libjvm.so, mask=11100100010111111101111111111110, flags=SA_RESTART|SA_SIGINFO


---------------  S Y S T E M  ---------------

OS:
DISTRIB_ID=Ubuntu
DISTRIB_RELEASE=20.04
DISTRIB_CODENAME=focal
DISTRIB_DESCRIPTION="Ubuntu 20.04.2 LTS"
uname: Linux 5.15.0-1031-gcp #38~20.04.1-Ubuntu SMP Sun Mar 12 04:47:58 UTC 2023 x86_64
OS uptime: 0 days 2:07 hours
libc: glibc 2.35 NPTL 2.35 
rlimit (soft/hard): STACK 8192k/infinity , CORE infinity/infinity , NPROC infinity/infinity , NOFILE 5242/5242 , AS infinity/infinity , CPU infinity/infinity , DATA infinity/infinity , FSIZE infinity/infinity , MEMLOCK 64k/64k
load average: 8.15 9.36 11.15

/proc/meminfo:
MemTotal:       65852704 kB
MemFree:        28268292 kB
MemAvailable:   46533540 kB
Buffers:         1603272 kB
Cached:         15843764 kB
SwapCached:            0 kB
Active:          6148256 kB
Inactive:       27170796 kB
Active(anon):      14784 kB
Inactive(anon): 15640216 kB
Active(file):    6133472 kB
Inactive(file): 11530580 kB
Unevictable:       42600 kB
Mlocked:           42600 kB
SwapTotal:             0 kB
SwapFree:              0 kB
Dirty:              2072 kB
Writeback:             0 kB
AnonPages:      15561244 kB
Mapped:          1825728 kB
Shmem:             42536 kB
KReclaimable:    1327796 kB
Slab:            3245728 kB
SReclaimable:    1327796 kB
SUnreclaim:      1917932 kB
KernelStack:      395156 kB
PageTables:       182696 kB
NFS_Unstable:          0 kB
Bounce:                0 kB
WritebackTmp:          0 kB
CommitLimit:    32926352 kB
Committed_AS:   56492876 kB
VmallocTotal:   34359738367 kB
VmallocUsed:      441148 kB
VmallocChunk:          0 kB
Percpu:            91392 kB
HardwareCorrupted:     0 kB
AnonHugePages:   1812480 kB
ShmemHugePages:        0 kB
ShmemPmdMapped:        0 kB
FileHugePages:         0 kB
FilePmdMapped:         0 kB
HugePages_Total:       0
HugePages_Free:        0
HugePages_Rsvd:        0
HugePages_Surp:        0
Hugepagesize:       2048 kB
Hugetlb:               0 kB
DirectMap4k:     3488568 kB
DirectMap2M:    35305472 kB
DirectMap1G:    30408704 kB

/sys/kernel/mm/transparent_hugepage/enabled: always [madvise] never
/sys/kernel/mm/transparent_hugepage/defrag (defrag/compaction efforts parameter): always defer defer+madvise [madvise] never

Process Memory:
Virtual Size: 4722304K (peak: 4756288K)
Resident Set Size: 767920K (peak: 804132K) (anon: 571404K, file: 196516K, shmem: 0K)
Swapped out: 0K
C-Heap outstanding allocations: 43187K, retained: 11384K
glibc malloc tunables: (default)

/proc/sys/kernel/threads-max (system-wide limit on the number of threads): 514406
/proc/sys/vm/max_map_count (maximum number of memory map areas a process may have): 65530
/proc/sys/kernel/pid_max (system-wide limit on number of process identifiers): 4194304

container (cgroup) information:
container_type: cgroupv1
cpu_cpuset_cpus: 2-7
cpu_memory_nodes: 0
active_processor_count: 1
cpu_quota: 50000
cpu_period: 100000
cpu_shares: 512
memory_limit_in_bytes: 1048576 k
memory_and_swap_limit_in_bytes: 1048576 k
memory_soft_limit_in_bytes: 524288 k
memory_usage_in_bytes: 608276 k
memory_max_usage_in_bytes: 639136 k
maximum number of tasks: 1000
current number of tasks: 44

KVM virtualization detected
Steal ticks since vm start: 0
Steal ticks percentage since vm start:  0.000

CPU: total 8 (initial active 1) (8 cores per cpu, 2 threads per core) family 23 model 49 stepping 0 microcode 0xffffffff, cx8, cmov, fxsr, ht, mmx, 3dnowpref, sse, sse2, sse3, ssse3, sse4a, sse4.1, sse4.2, popcnt, lzcnt, tsc, tscinvbit, avx, avx2, aes, clmul, bmi1, bmi2, adx, sha, fma, vzeroupper, clflush, clflushopt, hv
CPU Model and flags from /proc/cpuinfo:
model name	: AMD EPYC 7B12
flags		: fpu vme de pse tsc msr pae mce cx8 apic sep mtrr pge mca cmov pat pse36 clflush mmx fxsr sse sse2 ht syscall nx mmxext fxsr_opt pdpe1gb rdtscp lm constant_tsc rep_good nopl nonstop_tsc cpuid extd_apicid tsc_known_freq pni pclmulqdq ssse3 fma cx16 sse4_1 sse4_2 movbe popcnt aes xsave avx f16c rdrand hypervisor lahf_lm cmp_legacy cr8_legacy abm sse4a misalignsse 3dnowprefetch osvw topoext ssbd ibrs ibpb stibp vmmcall fsgsbase tsc_adjust bmi1 avx2 smep bmi2 rdseed adx smap clflushopt clwb sha_ni xsaveopt xsavec xgetbv1 clzero xsaveerptr arat npt nrip_save umip rdpid

Online cpus: 0-7
Offline cpus: 
BIOS frequency limitation: <Not Available>
Frequency switch latency (ns): <Not Available>
Available cpu frequencies: <Not Available>
Current governor: <Not Available>
Core performance/turbo boost: <Not Available>

Memory: 4k page, physical 1048576k(440300k free), swap 0k(0k free)
Page Sizes: 4k

vm_info: OpenJDK 64-Bit Server VM (17.0.5+8-jvmci-22.3-b08) for linux-amd64 JRE (17.0.5+8-jvmci-22.3-b08), built on Oct 19 2022 09:01:27 by "buildslave" with gcc 10.3.0

END.
